Start testing: Mar 08 04:08 UTC
----------------------------------------------------------
1/50 Testing: Pivot.Empty
1/50 Test: Pivot.Empty
Command: "/usr/bin/valgrind" "--tool=memcheck" "--leak-check=yes" "--trace-children=no" "--error-exitcode=113" "/home/codio/workspace/hw3/llrec_tests/llrec_tests" "--gtest_filter=Pivot.Empty"
Directory: /home/codio/workspace/hw3/llrec_tests
"Pivot.Empty" start time: Mar 08 04:08 UTC
Output:
----------------------------------------------------------
==1053== Memcheck, a memory error detector
==1053== Copyright (C) 2002-2017, and GNU GPL'd, by Julian Seward et al.
==1053== Using Valgrind-3.13.0 and LibVEX; rerun with -h for copyright info
==1053== Command: /home/codio/workspace/hw3/llrec_tests/llrec_tests --gtest_filter=Pivot.Empty
==1053== 
Running main() from /home/codio/googletest/googletest/src/gtest_main.cc
Note: Google Test filter = Pivot.Empty
[==========] Running 1 test from 1 test suite.
[----------] Global test environment set-up.
[----------] 1 test from Pivot
[ RUN      ] Pivot.Empty
[       OK ] Pivot.Empty (21 ms)
[----------] 1 test from Pivot (31 ms total)

[----------] Global test environment tear-down
[==========] 1 test from 1 test suite ran. (87 ms total)
[  PASSED  ] 1 test.
==1053== 
==1053== HEAP SUMMARY:
==1053==     in use at exit: 0 bytes in 0 blocks
==1053==   total heap usage: 404 allocs, 404 frees, 133,013 bytes allocated
==1053== 
==1053== All heap blocks were freed -- no leaks are possible
==1053== 
==1053== For counts of detected and suppressed errors, rerun with: -v
==1053== ERROR SUMMARY: 0 errors from 0 contexts (suppressed: 0 from 0)
<end of output>
Test time =   1.62 sec
----------------------------------------------------------
Test Passed.
"Pivot.Empty" end time: Mar 08 04:08 UTC
"Pivot.Empty" time elapsed: 00:00:01
----------------------------------------------------------

2/50 Testing: Pivot.Size1SmallEmpty
2/50 Test: Pivot.Size1SmallEmpty
Command: "/usr/bin/valgrind" "--tool=memcheck" "--leak-check=yes" "--trace-children=no" "--error-exitcode=113" "/home/codio/workspace/hw3/llrec_tests/llrec_tests" "--gtest_filter=Pivot.Size1SmallEmpty"
Directory: /home/codio/workspace/hw3/llrec_tests
"Pivot.Size1SmallEmpty" start time: Mar 08 04:08 UTC
Output:
----------------------------------------------------------
==1054== Memcheck, a memory error detector
==1054== Copyright (C) 2002-2017, and GNU GPL'd, by Julian Seward et al.
==1054== Using Valgrind-3.13.0 and LibVEX; rerun with -h for copyright info
==1054== Command: /home/codio/workspace/hw3/llrec_tests/llrec_tests --gtest_filter=Pivot.Size1SmallEmpty
==1054== 
Running main() from /home/codio/googletest/googletest/src/gtest_main.cc
Note: Google Test filter = Pivot.Size1SmallEmpty
[==========] Running 1 test from 1 test suite.
[----------] Global test environment set-up.
[----------] 1 test from Pivot
[ RUN      ] Pivot.Size1SmallEmpty
[       OK ] Pivot.Size1SmallEmpty (32 ms)
[----------] 1 test from Pivot (43 ms total)

[----------] Global test environment tear-down
[==========] 1 test from 1 test suite ran. (98 ms total)
[  PASSED  ] 1 test.
==1054== 
==1054== HEAP SUMMARY:
==1054==     in use at exit: 0 bytes in 0 blocks
==1054==   total heap usage: 413 allocs, 413 frees, 133,258 bytes allocated
==1054== 
==1054== All heap blocks were freed -- no leaks are possible
==1054== 
==1054== For counts of detected and suppressed errors, rerun with: -v
==1054== ERROR SUMMARY: 0 errors from 0 contexts (suppressed: 0 from 0)
<end of output>
Test time =   1.61 sec
----------------------------------------------------------
Test Passed.
"Pivot.Size1SmallEmpty" end time: Mar 08 04:08 UTC
"Pivot.Size1SmallEmpty" time elapsed: 00:00:01
----------------------------------------------------------

3/50 Testing: Pivot.Size1LargeEmpty
3/50 Test: Pivot.Size1LargeEmpty
Command: "/usr/bin/valgrind" "--tool=memcheck" "--leak-check=yes" "--trace-children=no" "--error-exitcode=113" "/home/codio/workspace/hw3/llrec_tests/llrec_tests" "--gtest_filter=Pivot.Size1LargeEmpty"
Directory: /home/codio/workspace/hw3/llrec_tests
"Pivot.Size1LargeEmpty" start time: Mar 08 04:08 UTC
Output:
----------------------------------------------------------
==1055== Memcheck, a memory error detector
==1055== Copyright (C) 2002-2017, and GNU GPL'd, by Julian Seward et al.
==1055== Using Valgrind-3.13.0 and LibVEX; rerun with -h for copyright info
==1055== Command: /home/codio/workspace/hw3/llrec_tests/llrec_tests --gtest_filter=Pivot.Size1LargeEmpty
==1055== 
Running main() from /home/codio/googletest/googletest/src/gtest_main.cc
Note: Google Test filter = Pivot.Size1LargeEmpty
[==========] Running 1 test from 1 test suite.
[----------] Global test environment set-up.
[----------] 1 test from Pivot
[ RUN      ] Pivot.Size1LargeEmpty
[       OK ] Pivot.Size1LargeEmpty (32 ms)
[----------] 1 test from Pivot (42 ms total)

[----------] Global test environment tear-down
[==========] 1 test from 1 test suite ran. (96 ms total)
[  PASSED  ] 1 test.
==1055== 
==1055== HEAP SUMMARY:
==1055==     in use at exit: 0 bytes in 0 blocks
==1055==   total heap usage: 413 allocs, 413 frees, 133,258 bytes allocated
==1055== 
==1055== All heap blocks were freed -- no leaks are possible
==1055== 
==1055== For counts of detected and suppressed errors, rerun with: -v
==1055== ERROR SUMMARY: 0 errors from 0 contexts (suppressed: 0 from 0)
<end of output>
Test time =   1.61 sec
----------------------------------------------------------
Test Passed.
"Pivot.Size1LargeEmpty" end time: Mar 08 04:08 UTC
"Pivot.Size1LargeEmpty" time elapsed: 00:00:01
----------------------------------------------------------

4/50 Testing: Pivot.Size2SmallLarge
4/50 Test: Pivot.Size2SmallLarge
Command: "/usr/bin/valgrind" "--tool=memcheck" "--leak-check=yes" "--trace-children=no" "--error-exitcode=113" "/home/codio/workspace/hw3/llrec_tests/llrec_tests" "--gtest_filter=Pivot.Size2SmallLarge"
Directory: /home/codio/workspace/hw3/llrec_tests
"Pivot.Size2SmallLarge" start time: Mar 08 04:08 UTC
Output:
----------------------------------------------------------
==1056== Memcheck, a memory error detector
==1056== Copyright (C) 2002-2017, and GNU GPL'd, by Julian Seward et al.
==1056== Using Valgrind-3.13.0 and LibVEX; rerun with -h for copyright info
==1056== Command: /home/codio/workspace/hw3/llrec_tests/llrec_tests --gtest_filter=Pivot.Size2SmallLarge
==1056== 
Running main() from /home/codio/googletest/googletest/src/gtest_main.cc
Note: Google Test filter = Pivot.Size2SmallLarge
[==========] Running 1 test from 1 test suite.
[----------] Global test environment set-up.
[----------] 1 test from Pivot
[ RUN      ] Pivot.Size2SmallLarge
[       OK ] Pivot.Size2SmallLarge (33 ms)
[----------] 1 test from Pivot (43 ms total)

[----------] Global test environment tear-down
[==========] 1 test from 1 test suite ran. (97 ms total)
[  PASSED  ] 1 test.
==1056== 
==1056== HEAP SUMMARY:
==1056==     in use at exit: 0 bytes in 0 blocks
==1056==   total heap usage: 415 allocs, 415 frees, 133,282 bytes allocated
==1056== 
==1056== All heap blocks were freed -- no leaks are possible
==1056== 
==1056== For counts of detected and suppressed errors, rerun with: -v
==1056== ERROR SUMMARY: 0 errors from 0 contexts (suppressed: 0 from 0)
<end of output>
Test time =   1.58 sec
----------------------------------------------------------
Test Passed.
"Pivot.Size2SmallLarge" end time: Mar 08 04:08 UTC
"Pivot.Size2SmallLarge" time elapsed: 00:00:01
----------------------------------------------------------

5/50 Testing: Pivot.Size2LargeSmall
5/50 Test: Pivot.Size2LargeSmall
Command: "/usr/bin/valgrind" "--tool=memcheck" "--leak-check=yes" "--trace-children=no" "--error-exitcode=113" "/home/codio/workspace/hw3/llrec_tests/llrec_tests" "--gtest_filter=Pivot.Size2LargeSmall"
Directory: /home/codio/workspace/hw3/llrec_tests
"Pivot.Size2LargeSmall" start time: Mar 08 04:08 UTC
Output:
----------------------------------------------------------
==1057== Memcheck, a memory error detector
==1057== Copyright (C) 2002-2017, and GNU GPL'd, by Julian Seward et al.
==1057== Using Valgrind-3.13.0 and LibVEX; rerun with -h for copyright info
==1057== Command: /home/codio/workspace/hw3/llrec_tests/llrec_tests --gtest_filter=Pivot.Size2LargeSmall
==1057== 
Running main() from /home/codio/googletest/googletest/src/gtest_main.cc
Note: Google Test filter = Pivot.Size2LargeSmall
[==========] Running 1 test from 1 test suite.
[----------] Global test environment set-up.
[----------] 1 test from Pivot
[ RUN      ] Pivot.Size2LargeSmall
[       OK ] Pivot.Size2LargeSmall (33 ms)
[----------] 1 test from Pivot (43 ms total)

[----------] Global test environment tear-down
[==========] 1 test from 1 test suite ran. (97 ms total)
[  PASSED  ] 1 test.
==1057== 
==1057== HEAP SUMMARY:
==1057==     in use at exit: 0 bytes in 0 blocks
==1057==   total heap usage: 415 allocs, 415 frees, 133,282 bytes allocated
==1057== 
==1057== All heap blocks were freed -- no leaks are possible
==1057== 
==1057== For counts of detected and suppressed errors, rerun with: -v
==1057== ERROR SUMMARY: 0 errors from 0 contexts (suppressed: 0 from 0)
<end of output>
Test time =   1.59 sec
----------------------------------------------------------
Test Passed.
"Pivot.Size2LargeSmall" end time: Mar 08 04:08 UTC
"Pivot.Size2LargeSmall" time elapsed: 00:00:01
----------------------------------------------------------

6/50 Testing: Pivot.Size3LargeSmallLarge
6/50 Test: Pivot.Size3LargeSmallLarge
Command: "/usr/bin/valgrind" "--tool=memcheck" "--leak-check=yes" "--trace-children=no" "--error-exitcode=113" "/home/codio/workspace/hw3/llrec_tests/llrec_tests" "--gtest_filter=Pivot.Size3LargeSmallLarge"
Directory: /home/codio/workspace/hw3/llrec_tests
"Pivot.Size3LargeSmallLarge" start time: Mar 08 04:08 UTC
Output:
----------------------------------------------------------
==1058== Memcheck, a memory error detector
==1058== Copyright (C) 2002-2017, and GNU GPL'd, by Julian Seward et al.
==1058== Using Valgrind-3.13.0 and LibVEX; rerun with -h for copyright info
==1058== Command: /home/codio/workspace/hw3/llrec_tests/llrec_tests --gtest_filter=Pivot.Size3LargeSmallLarge
==1058== 
Running main() from /home/codio/googletest/googletest/src/gtest_main.cc
Note: Google Test filter = Pivot.Size3LargeSmallLarge
[==========] Running 1 test from 1 test suite.
[----------] Global test environment set-up.
[----------] 1 test from Pivot
[ RUN      ] Pivot.Size3LargeSmallLarge
[       OK ] Pivot.Size3LargeSmallLarge (33 ms)
[----------] 1 test from Pivot (43 ms total)

[----------] Global test environment tear-down
[==========] 1 test from 1 test suite ran. (98 ms total)
[  PASSED  ] 1 test.
==1058== 
==1058== HEAP SUMMARY:
==1058==     in use at exit: 0 bytes in 0 blocks
==1058==   total heap usage: 416 allocs, 416 frees, 133,356 bytes allocated
==1058== 
==1058== All heap blocks were freed -- no leaks are possible
==1058== 
==1058== For counts of detected and suppressed errors, rerun with: -v
==1058== ERROR SUMMARY: 0 errors from 0 contexts (suppressed: 0 from 0)
<end of output>
Test time =   1.58 sec
----------------------------------------------------------
Test Passed.
"Pivot.Size3LargeSmallLarge" end time: Mar 08 04:08 UTC
"Pivot.Size3LargeSmallLarge" time elapsed: 00:00:01
----------------------------------------------------------

7/50 Testing: Pivot.Size3SmallLargeSmall
7/50 Test: Pivot.Size3SmallLargeSmall
Command: "/usr/bin/valgrind" "--tool=memcheck" "--leak-check=yes" "--trace-children=no" "--error-exitcode=113" "/home/codio/workspace/hw3/llrec_tests/llrec_tests" "--gtest_filter=Pivot.Size3SmallLargeSmall"
Directory: /home/codio/workspace/hw3/llrec_tests
"Pivot.Size3SmallLargeSmall" start time: Mar 08 04:08 UTC
Output:
----------------------------------------------------------
==1059== Memcheck, a memory error detector
==1059== Copyright (C) 2002-2017, and GNU GPL'd, by Julian Seward et al.
==1059== Using Valgrind-3.13.0 and LibVEX; rerun with -h for copyright info
==1059== Command: /home/codio/workspace/hw3/llrec_tests/llrec_tests --gtest_filter=Pivot.Size3SmallLargeSmall
==1059== 
Running main() from /home/codio/googletest/googletest/src/gtest_main.cc
Note: Google Test filter = Pivot.Size3SmallLargeSmall
[==========] Running 1 test from 1 test suite.
[----------] Global test environment set-up.
[----------] 1 test from Pivot
[ RUN      ] Pivot.Size3SmallLargeSmall
[       OK ] Pivot.Size3SmallLargeSmall (34 ms)
[----------] 1 test from Pivot (44 ms total)

[----------] Global test environment tear-down
[==========] 1 test from 1 test suite ran. (100 ms total)
[  PASSED  ] 1 test.
==1059== 
==1059== HEAP SUMMARY:
==1059==     in use at exit: 0 bytes in 0 blocks
==1059==   total heap usage: 416 allocs, 416 frees, 133,356 bytes allocated
==1059== 
==1059== All heap blocks were freed -- no leaks are possible
==1059== 
==1059== For counts of detected and suppressed errors, rerun with: -v
==1059== ERROR SUMMARY: 0 errors from 0 contexts (suppressed: 0 from 0)
<end of output>
Test time =   1.61 sec
----------------------------------------------------------
Test Passed.
"Pivot.Size3SmallLargeSmall" end time: Mar 08 04:08 UTC
"Pivot.Size3SmallLargeSmall" time elapsed: 00:00:01
----------------------------------------------------------

8/50 Testing: Pivot.Size3LargeLargeSmall
8/50 Test: Pivot.Size3LargeLargeSmall
Command: "/usr/bin/valgrind" "--tool=memcheck" "--leak-check=yes" "--trace-children=no" "--error-exitcode=113" "/home/codio/workspace/hw3/llrec_tests/llrec_tests" "--gtest_filter=Pivot.Size3LargeLargeSmall"
Directory: /home/codio/workspace/hw3/llrec_tests
"Pivot.Size3LargeLargeSmall" start time: Mar 08 04:08 UTC
Output:
----------------------------------------------------------
==1060== Memcheck, a memory error detector
==1060== Copyright (C) 2002-2017, and GNU GPL'd, by Julian Seward et al.
==1060== Using Valgrind-3.13.0 and LibVEX; rerun with -h for copyright info
==1060== Command: /home/codio/workspace/hw3/llrec_tests/llrec_tests --gtest_filter=Pivot.Size3LargeLargeSmall
==1060== 
Running main() from /home/codio/googletest/googletest/src/gtest_main.cc
Note: Google Test filter = Pivot.Size3LargeLargeSmall
[==========] Running 1 test from 1 test suite.
[----------] Global test environment set-up.
[----------] 1 test from Pivot
[ RUN      ] Pivot.Size3LargeLargeSmall
[       OK ] Pivot.Size3LargeLargeSmall (34 ms)
[----------] 1 test from Pivot (44 ms total)

[----------] Global test environment tear-down
[==========] 1 test from 1 test suite ran. (99 ms total)
[  PASSED  ] 1 test.
==1060== 
==1060== HEAP SUMMARY:
==1060==     in use at exit: 0 bytes in 0 blocks
==1060==   total heap usage: 416 allocs, 416 frees, 133,356 bytes allocated
==1060== 
==1060== All heap blocks were freed -- no leaks are possible
==1060== 
==1060== For counts of detected and suppressed errors, rerun with: -v
==1060== ERROR SUMMARY: 0 errors from 0 contexts (suppressed: 0 from 0)
<end of output>
Test time =   1.65 sec
----------------------------------------------------------
Test Passed.
"Pivot.Size3LargeLargeSmall" end time: Mar 08 04:08 UTC
"Pivot.Size3LargeLargeSmall" time elapsed: 00:00:01
----------------------------------------------------------

9/50 Testing: Pivot.Size6SmallThenLarge
9/50 Test: Pivot.Size6SmallThenLarge
Command: "/usr/bin/valgrind" "--tool=memcheck" "--leak-check=yes" "--trace-children=no" "--error-exitcode=113" "/home/codio/workspace/hw3/llrec_tests/llrec_tests" "--gtest_filter=Pivot.Size6SmallThenLarge"
Directory: /home/codio/workspace/hw3/llrec_tests
"Pivot.Size6SmallThenLarge" start time: Mar 08 04:08 UTC
Output:
----------------------------------------------------------
==1061== Memcheck, a memory error detector
==1061== Copyright (C) 2002-2017, and GNU GPL'd, by Julian Seward et al.
==1061== Using Valgrind-3.13.0 and LibVEX; rerun with -h for copyright info
==1061== Command: /home/codio/workspace/hw3/llrec_tests/llrec_tests --gtest_filter=Pivot.Size6SmallThenLarge
==1061== 
Running main() from /home/codio/googletest/googletest/src/gtest_main.cc
Note: Google Test filter = Pivot.Size6SmallThenLarge
[==========] Running 1 test from 1 test suite.
[----------] Global test environment set-up.
[----------] 1 test from Pivot
[ RUN      ] Pivot.Size6SmallThenLarge
[       OK ] Pivot.Size6SmallThenLarge (34 ms)
[----------] 1 test from Pivot (44 ms total)

[----------] Global test environment tear-down
[==========] 1 test from 1 test suite ran. (101 ms total)
[  PASSED  ] 1 test.
==1061== 
==1061== HEAP SUMMARY:
==1061==     in use at exit: 0 bytes in 0 blocks
==1061==   total heap usage: 419 allocs, 419 frees, 133,418 bytes allocated
==1061== 
==1061== All heap blocks were freed -- no leaks are possible
==1061== 
==1061== For counts of detected and suppressed errors, rerun with: -v
==1061== ERROR SUMMARY: 0 errors from 0 contexts (suppressed: 0 from 0)
<end of output>
Test time =   1.65 sec
----------------------------------------------------------
Test Passed.
"Pivot.Size6SmallThenLarge" end time: Mar 08 04:08 UTC
"Pivot.Size6SmallThenLarge" time elapsed: 00:00:01
----------------------------------------------------------

10/50 Testing: Pivot.Size6LargeThenSmall
10/50 Test: Pivot.Size6LargeThenSmall
Command: "/usr/bin/valgrind" "--tool=memcheck" "--leak-check=yes" "--trace-children=no" "--error-exitcode=113" "/home/codio/workspace/hw3/llrec_tests/llrec_tests" "--gtest_filter=Pivot.Size6LargeThenSmall"
Directory: /home/codio/workspace/hw3/llrec_tests
"Pivot.Size6LargeThenSmall" start time: Mar 08 04:08 UTC
Output:
----------------------------------------------------------
==1062== Memcheck, a memory error detector
==1062== Copyright (C) 2002-2017, and GNU GPL'd, by Julian Seward et al.
==1062== Using Valgrind-3.13.0 and LibVEX; rerun with -h for copyright info
==1062== Command: /home/codio/workspace/hw3/llrec_tests/llrec_tests --gtest_filter=Pivot.Size6LargeThenSmall
==1062== 
Running main() from /home/codio/googletest/googletest/src/gtest_main.cc
Note: Google Test filter = Pivot.Size6LargeThenSmall
[==========] Running 1 test from 1 test suite.
[----------] Global test environment set-up.
[----------] 1 test from Pivot
[ RUN      ] Pivot.Size6LargeThenSmall
[       OK ] Pivot.Size6LargeThenSmall (33 ms)
[----------] 1 test from Pivot (44 ms total)

[----------] Global test environment tear-down
[==========] 1 test from 1 test suite ran. (98 ms total)
[  PASSED  ] 1 test.
==1062== 
==1062== HEAP SUMMARY:
==1062==     in use at exit: 0 bytes in 0 blocks
==1062==   total heap usage: 419 allocs, 419 frees, 133,418 bytes allocated
==1062== 
==1062== All heap blocks were freed -- no leaks are possible
==1062== 
==1062== For counts of detected and suppressed errors, rerun with: -v
==1062== ERROR SUMMARY: 0 errors from 0 contexts (suppressed: 0 from 0)
<end of output>
Test time =   1.60 sec
----------------------------------------------------------
Test Passed.
"Pivot.Size6LargeThenSmall" end time: Mar 08 04:08 UTC
"Pivot.Size6LargeThenSmall" time elapsed: 00:00:01
----------------------------------------------------------

11/50 Testing: Pivot.Nominal
11/50 Test: Pivot.Nominal
Command: "/usr/bin/valgrind" "--tool=memcheck" "--leak-check=yes" "--trace-children=no" "--error-exitcode=113" "/home/codio/workspace/hw3/llrec_tests/llrec_tests" "--gtest_filter=Pivot.Nominal"
Directory: /home/codio/workspace/hw3/llrec_tests
"Pivot.Nominal" start time: Mar 08 04:08 UTC
Output:
----------------------------------------------------------
==1063== Memcheck, a memory error detector
==1063== Copyright (C) 2002-2017, and GNU GPL'd, by Julian Seward et al.
==1063== Using Valgrind-3.13.0 and LibVEX; rerun with -h for copyright info
==1063== Command: /home/codio/workspace/hw3/llrec_tests/llrec_tests --gtest_filter=Pivot.Nominal
==1063== 
Running main() from /home/codio/googletest/googletest/src/gtest_main.cc
Note: Google Test filter = Pivot.Nominal
[==========] Running 1 test from 1 test suite.
[----------] Global test environment set-up.
[----------] 1 test from Pivot
[ RUN      ] Pivot.Nominal
[       OK ] Pivot.Nominal (42 ms)
[----------] 1 test from Pivot (52 ms total)

[----------] Global test environment tear-down
[==========] 1 test from 1 test suite ran. (113 ms total)
[  PASSED  ] 1 test.
==1063== 
==1063== HEAP SUMMARY:
==1063==     in use at exit: 0 bytes in 0 blocks
==1063==   total heap usage: 411 allocs, 411 frees, 133,119 bytes allocated
==1063== 
==1063== All heap blocks were freed -- no leaks are possible
==1063== 
==1063== For counts of detected and suppressed errors, rerun with: -v
==1063== ERROR SUMMARY: 0 errors from 0 contexts (suppressed: 0 from 0)
<end of output>
Test time =   1.85 sec
----------------------------------------------------------
Test Passed.
"Pivot.Nominal" end time: Mar 08 04:09 UTC
"Pivot.Nominal" time elapsed: 00:00:01
----------------------------------------------------------

12/50 Testing: Pivot.SameValues
12/50 Test: Pivot.SameValues
Command: "/usr/bin/valgrind" "--tool=memcheck" "--leak-check=yes" "--trace-children=no" "--error-exitcode=113" "/home/codio/workspace/hw3/llrec_tests/llrec_tests" "--gtest_filter=Pivot.SameValues"
Directory: /home/codio/workspace/hw3/llrec_tests
"Pivot.SameValues" start time: Mar 08 04:09 UTC
Output:
----------------------------------------------------------
==1064== Memcheck, a memory error detector
==1064== Copyright (C) 2002-2017, and GNU GPL'd, by Julian Seward et al.
==1064== Using Valgrind-3.13.0 and LibVEX; rerun with -h for copyright info
==1064== Command: /home/codio/workspace/hw3/llrec_tests/llrec_tests --gtest_filter=Pivot.SameValues
==1064== 
Running main() from /home/codio/googletest/googletest/src/gtest_main.cc
Note: Google Test filter = Pivot.SameValues
[==========] Running 1 test from 1 test suite.
[----------] Global test environment set-up.
[----------] 1 test from Pivot
[ RUN      ] Pivot.SameValues
[       OK ] Pivot.SameValues (33 ms)
[----------] 1 test from Pivot (44 ms total)

[----------] Global test environment tear-down
[==========] 1 test from 1 test suite ran. (102 ms total)
[  PASSED  ] 1 test.
==1064== 
==1064== HEAP SUMMARY:
==1064==     in use at exit: 0 bytes in 0 blocks
==1064==   total heap usage: 416 allocs, 416 frees, 133,280 bytes allocated
==1064== 
==1064== All heap blocks were freed -- no leaks are possible
==1064== 
==1064== For counts of detected and suppressed errors, rerun with: -v
==1064== ERROR SUMMARY: 0 errors from 0 contexts (suppressed: 0 from 0)
<end of output>
Test time =   1.72 sec
----------------------------------------------------------
Test Passed.
"Pivot.SameValues" end time: Mar 08 04:09 UTC
"Pivot.SameValues" time elapsed: 00:00:01
----------------------------------------------------------

13/50 Testing: Pivot.NoCopySameNodeCheck
13/50 Test: Pivot.NoCopySameNodeCheck
Command: "/usr/bin/valgrind" "--tool=memcheck" "--leak-check=yes" "--trace-children=no" "--error-exitcode=113" "/home/codio/workspace/hw3/llrec_tests/llrec_tests" "--gtest_filter=Pivot.NoCopySameNodeCheck"
Directory: /home/codio/workspace/hw3/llrec_tests
"Pivot.NoCopySameNodeCheck" start time: Mar 08 04:09 UTC
Output:
----------------------------------------------------------
==1065== Memcheck, a memory error detector
==1065== Copyright (C) 2002-2017, and GNU GPL'd, by Julian Seward et al.
==1065== Using Valgrind-3.13.0 and LibVEX; rerun with -h for copyright info
==1065== Command: /home/codio/workspace/hw3/llrec_tests/llrec_tests --gtest_filter=Pivot.NoCopySameNodeCheck
==1065== 
Running main() from /home/codio/googletest/googletest/src/gtest_main.cc
Note: Google Test filter = Pivot.NoCopySameNodeCheck
[==========] Running 1 test from 1 test suite.
[----------] Global test environment set-up.
[----------] 1 test from Pivot
[ RUN      ] Pivot.NoCopySameNodeCheck
[       OK ] Pivot.NoCopySameNodeCheck (64 ms)
[----------] 1 test from Pivot (76 ms total)

[----------] Global test environment tear-down
[==========] 1 test from 1 test suite ran. (138 ms total)
[  PASSED  ] 1 test.
==1065== 
==1065== HEAP SUMMARY:
==1065==     in use at exit: 0 bytes in 0 blocks
==1065==   total heap usage: 420 allocs, 420 frees, 133,426 bytes allocated
==1065== 
==1065== All heap blocks were freed -- no leaks are possible
==1065== 
==1065== For counts of detected and suppressed errors, rerun with: -v
==1065== ERROR SUMMARY: 0 errors from 0 contexts (suppressed: 0 from 0)
<end of output>
Test time =   1.71 sec
----------------------------------------------------------
Test Passed.
"Pivot.NoCopySameNodeCheck" end time: Mar 08 04:09 UTC
"Pivot.NoCopySameNodeCheck" time elapsed: 00:00:01
----------------------------------------------------------

14/50 Testing: Filter.EmptyList
14/50 Test: Filter.EmptyList
Command: "/usr/bin/valgrind" "--tool=memcheck" "--leak-check=yes" "--trace-children=no" "--error-exitcode=113" "/home/codio/workspace/hw3/llrec_tests/llrec_tests" "--gtest_filter=Filter.EmptyList"
Directory: /home/codio/workspace/hw3/llrec_tests
"Filter.EmptyList" start time: Mar 08 04:09 UTC
Output:
----------------------------------------------------------
==1066== Memcheck, a memory error detector
==1066== Copyright (C) 2002-2017, and GNU GPL'd, by Julian Seward et al.
==1066== Using Valgrind-3.13.0 and LibVEX; rerun with -h for copyright info
==1066== Command: /home/codio/workspace/hw3/llrec_tests/llrec_tests --gtest_filter=Filter.EmptyList
==1066== 
Running main() from /home/codio/googletest/googletest/src/gtest_main.cc
Note: Google Test filter = Filter.EmptyList
[==========] Running 1 test from 1 test suite.
[----------] Global test environment set-up.
[----------] 1 test from Filter
[ RUN      ] Filter.EmptyList
[       OK ] Filter.EmptyList (24 ms)
[----------] 1 test from Filter (35 ms total)

[----------] Global test environment tear-down
[==========] 1 test from 1 test suite ran. (91 ms total)
[  PASSED  ] 1 test.
==1066== 
==1066== HEAP SUMMARY:
==1066==     in use at exit: 0 bytes in 0 blocks
==1066==   total heap usage: 410 allocs, 410 frees, 133,184 bytes allocated
==1066== 
==1066== All heap blocks were freed -- no leaks are possible
==1066== 
==1066== For counts of detected and suppressed errors, rerun with: -v
==1066== ERROR SUMMARY: 0 errors from 0 contexts (suppressed: 0 from 0)
<end of output>
Test time =   1.97 sec
----------------------------------------------------------
Test Passed.
"Filter.EmptyList" end time: Mar 08 04:09 UTC
"Filter.EmptyList" time elapsed: 00:00:01
----------------------------------------------------------

15/50 Testing: Filter.Size1_F
15/50 Test: Filter.Size1_F
Command: "/usr/bin/valgrind" "--tool=memcheck" "--leak-check=yes" "--trace-children=no" "--error-exitcode=113" "/home/codio/workspace/hw3/llrec_tests/llrec_tests" "--gtest_filter=Filter.Size1_F"
Directory: /home/codio/workspace/hw3/llrec_tests
"Filter.Size1_F" start time: Mar 08 04:09 UTC
Output:
----------------------------------------------------------
==1067== Memcheck, a memory error detector
==1067== Copyright (C) 2002-2017, and GNU GPL'd, by Julian Seward et al.
==1067== Using Valgrind-3.13.0 and LibVEX; rerun with -h for copyright info
==1067== Command: /home/codio/workspace/hw3/llrec_tests/llrec_tests --gtest_filter=Filter.Size1_F
==1067== 
Running main() from /home/codio/googletest/googletest/src/gtest_main.cc
Note: Google Test filter = Filter.Size1_F
[==========] Running 1 test from 1 test suite.
[----------] Global test environment set-up.
[----------] 1 test from Filter
[ RUN      ] Filter.Size1_F
[       OK ] Filter.Size1_F (32 ms)
[----------] 1 test from Filter (42 ms total)

[----------] Global test environment tear-down
[==========] 1 test from 1 test suite ran. (97 ms total)
[  PASSED  ] 1 test.
==1067== 
==1067== HEAP SUMMARY:
==1067==     in use at exit: 0 bytes in 0 blocks
==1067==   total heap usage: 407 allocs, 407 frees, 133,052 bytes allocated
==1067== 
==1067== All heap blocks were freed -- no leaks are possible
==1067== 
==1067== For counts of detected and suppressed errors, rerun with: -v
==1067== ERROR SUMMARY: 0 errors from 0 contexts (suppressed: 0 from 0)
<end of output>
Test time =   1.63 sec
----------------------------------------------------------
Test Passed.
"Filter.Size1_F" end time: Mar 08 04:09 UTC
"Filter.Size1_F" time elapsed: 00:00:01
----------------------------------------------------------

16/50 Testing: Filter.Size1_nF
16/50 Test: Filter.Size1_nF
Command: "/usr/bin/valgrind" "--tool=memcheck" "--leak-check=yes" "--trace-children=no" "--error-exitcode=113" "/home/codio/workspace/hw3/llrec_tests/llrec_tests" "--gtest_filter=Filter.Size1_nF"
Directory: /home/codio/workspace/hw3/llrec_tests
"Filter.Size1_nF" start time: Mar 08 04:09 UTC
Output:
----------------------------------------------------------
==1068== Memcheck, a memory error detector
==1068== Copyright (C) 2002-2017, and GNU GPL'd, by Julian Seward et al.
==1068== Using Valgrind-3.13.0 and LibVEX; rerun with -h for copyright info
==1068== Command: /home/codio/workspace/hw3/llrec_tests/llrec_tests --gtest_filter=Filter.Size1_nF
==1068== 
Running main() from /home/codio/googletest/googletest/src/gtest_main.cc
Note: Google Test filter = Filter.Size1_nF
[==========] Running 1 test from 1 test suite.
[----------] Global test environment set-up.
[----------] 1 test from Filter
[ RUN      ] Filter.Size1_nF
[       OK ] Filter.Size1_nF (33 ms)
[----------] 1 test from Filter (44 ms total)

[----------] Global test environment tear-down
[==========] 1 test from 1 test suite ran. (101 ms total)
[  PASSED  ] 1 test.
==1068== 
==1068== HEAP SUMMARY:
==1068==     in use at exit: 0 bytes in 0 blocks
==1068==   total heap usage: 408 allocs, 408 frees, 133,061 bytes allocated
==1068== 
==1068== All heap blocks were freed -- no leaks are possible
==1068== 
==1068== For counts of detected and suppressed errors, rerun with: -v
==1068== ERROR SUMMARY: 0 errors from 0 contexts (suppressed: 0 from 0)
<end of output>
Test time =   1.64 sec
----------------------------------------------------------
Test Passed.
"Filter.Size1_nF" end time: Mar 08 04:09 UTC
"Filter.Size1_nF" time elapsed: 00:00:01
----------------------------------------------------------

17/50 Testing: Filter.Size2_F_nF
17/50 Test: Filter.Size2_F_nF
Command: "/usr/bin/valgrind" "--tool=memcheck" "--leak-check=yes" "--trace-children=no" "--error-exitcode=113" "/home/codio/workspace/hw3/llrec_tests/llrec_tests" "--gtest_filter=Filter.Size2_F_nF"
Directory: /home/codio/workspace/hw3/llrec_tests
"Filter.Size2_F_nF" start time: Mar 08 04:09 UTC
Output:
----------------------------------------------------------
==1069== Memcheck, a memory error detector
==1069== Copyright (C) 2002-2017, and GNU GPL'd, by Julian Seward et al.
==1069== Using Valgrind-3.13.0 and LibVEX; rerun with -h for copyright info
==1069== Command: /home/codio/workspace/hw3/llrec_tests/llrec_tests --gtest_filter=Filter.Size2_F_nF
==1069== 
Running main() from /home/codio/googletest/googletest/src/gtest_main.cc
Note: Google Test filter = Filter.Size2_F_nF
[==========] Running 1 test from 1 test suite.
[----------] Global test environment set-up.
[----------] 1 test from Filter
[ RUN      ] Filter.Size2_F_nF
[       OK ] Filter.Size2_F_nF (35 ms)
[----------] 1 test from Filter (45 ms total)

[----------] Global test environment tear-down
[==========] 1 test from 1 test suite ran. (101 ms total)
[  PASSED  ] 1 test.
==1069== 
==1069== HEAP SUMMARY:
==1069==     in use at exit: 0 bytes in 0 blocks
==1069==   total heap usage: 415 allocs, 415 frees, 133,246 bytes allocated
==1069== 
==1069== All heap blocks were freed -- no leaks are possible
==1069== 
==1069== For counts of detected and suppressed errors, rerun with: -v
==1069== ERROR SUMMARY: 0 errors from 0 contexts (suppressed: 0 from 0)
<end of output>
Test time =   1.85 sec
----------------------------------------------------------
Test Passed.
"Filter.Size2_F_nF" end time: Mar 08 04:09 UTC
"Filter.Size2_F_nF" time elapsed: 00:00:01
----------------------------------------------------------

18/50 Testing: Filter.Size2_nF_F
18/50 Test: Filter.Size2_nF_F
Command: "/usr/bin/valgrind" "--tool=memcheck" "--leak-check=yes" "--trace-children=no" "--error-exitcode=113" "/home/codio/workspace/hw3/llrec_tests/llrec_tests" "--gtest_filter=Filter.Size2_nF_F"
Directory: /home/codio/workspace/hw3/llrec_tests
"Filter.Size2_nF_F" start time: Mar 08 04:09 UTC
Output:
----------------------------------------------------------
==1070== Memcheck, a memory error detector
==1070== Copyright (C) 2002-2017, and GNU GPL'd, by Julian Seward et al.
==1070== Using Valgrind-3.13.0 and LibVEX; rerun with -h for copyright info
==1070== Command: /home/codio/workspace/hw3/llrec_tests/llrec_tests --gtest_filter=Filter.Size2_nF_F
==1070== 
Running main() from /home/codio/googletest/googletest/src/gtest_main.cc
Note: Google Test filter = Filter.Size2_nF_F
[==========] Running 1 test from 1 test suite.
[----------] Global test environment set-up.
[----------] 1 test from Filter
[ RUN      ] Filter.Size2_nF_F
[       OK ] Filter.Size2_nF_F (35 ms)
[----------] 1 test from Filter (46 ms total)

[----------] Global test environment tear-down
[==========] 1 test from 1 test suite ran. (106 ms total)
[  PASSED  ] 1 test.
==1070== 
==1070== HEAP SUMMARY:
==1070==     in use at exit: 0 bytes in 0 blocks
==1070==   total heap usage: 414 allocs, 414 frees, 133,238 bytes allocated
==1070== 
==1070== All heap blocks were freed -- no leaks are possible
==1070== 
==1070== For counts of detected and suppressed errors, rerun with: -v
==1070== ERROR SUMMARY: 0 errors from 0 contexts (suppressed: 0 from 0)
<end of output>
Test time =   1.83 sec
----------------------------------------------------------
Test Passed.
"Filter.Size2_nF_F" end time: Mar 08 04:09 UTC
"Filter.Size2_nF_F" time elapsed: 00:00:01
----------------------------------------------------------

19/50 Testing: Filter.Size3_nF_F_nF
19/50 Test: Filter.Size3_nF_F_nF
Command: "/usr/bin/valgrind" "--tool=memcheck" "--leak-check=yes" "--trace-children=no" "--error-exitcode=113" "/home/codio/workspace/hw3/llrec_tests/llrec_tests" "--gtest_filter=Filter.Size3_nF_F_nF"
Directory: /home/codio/workspace/hw3/llrec_tests
"Filter.Size3_nF_F_nF" start time: Mar 08 04:09 UTC
Output:
----------------------------------------------------------
==1071== Memcheck, a memory error detector
==1071== Copyright (C) 2002-2017, and GNU GPL'd, by Julian Seward et al.
==1071== Using Valgrind-3.13.0 and LibVEX; rerun with -h for copyright info
==1071== Command: /home/codio/workspace/hw3/llrec_tests/llrec_tests --gtest_filter=Filter.Size3_nF_F_nF
==1071== 
Running main() from /home/codio/googletest/googletest/src/gtest_main.cc
Note: Google Test filter = Filter.Size3_nF_F_nF
[==========] Running 1 test from 1 test suite.
[----------] Global test environment set-up.
[----------] 1 test from Filter
[ RUN      ] Filter.Size3_nF_F_nF
[       OK ] Filter.Size3_nF_F_nF (33 ms)
[----------] 1 test from Filter (43 ms total)

[----------] Global test environment tear-down
[==========] 1 test from 1 test suite ran. (99 ms total)
[  PASSED  ] 1 test.
==1071== 
==1071== HEAP SUMMARY:
==1071==     in use at exit: 0 bytes in 0 blocks
==1071==   total heap usage: 415 allocs, 415 frees, 133,292 bytes allocated
==1071== 
==1071== All heap blocks were freed -- no leaks are possible
==1071== 
==1071== For counts of detected and suppressed errors, rerun with: -v
==1071== ERROR SUMMARY: 0 errors from 0 contexts (suppressed: 0 from 0)
<end of output>
Test time =   1.80 sec
----------------------------------------------------------
Test Passed.
"Filter.Size3_nF_F_nF" end time: Mar 08 04:09 UTC
"Filter.Size3_nF_F_nF" time elapsed: 00:00:01
----------------------------------------------------------

20/50 Testing: Filter.Size3_F_nF_F
20/50 Test: Filter.Size3_F_nF_F
Command: "/usr/bin/valgrind" "--tool=memcheck" "--leak-check=yes" "--trace-children=no" "--error-exitcode=113" "/home/codio/workspace/hw3/llrec_tests/llrec_tests" "--gtest_filter=Filter.Size3_F_nF_F"
Directory: /home/codio/workspace/hw3/llrec_tests
"Filter.Size3_F_nF_F" start time: Mar 08 04:09 UTC
Output:
----------------------------------------------------------
==1072== Memcheck, a memory error detector
==1072== Copyright (C) 2002-2017, and GNU GPL'd, by Julian Seward et al.
==1072== Using Valgrind-3.13.0 and LibVEX; rerun with -h for copyright info
==1072== Command: /home/codio/workspace/hw3/llrec_tests/llrec_tests --gtest_filter=Filter.Size3_F_nF_F
==1072== 
Running main() from /home/codio/googletest/googletest/src/gtest_main.cc
Note: Google Test filter = Filter.Size3_F_nF_F
[==========] Running 1 test from 1 test suite.
[----------] Global test environment set-up.
[----------] 1 test from Filter
[ RUN      ] Filter.Size3_F_nF_F
[       OK ] Filter.Size3_F_nF_F (32 ms)
[----------] 1 test from Filter (43 ms total)

[----------] Global test environment tear-down
[==========] 1 test from 1 test suite ran. (99 ms total)
[  PASSED  ] 1 test.
==1072== 
==1072== HEAP SUMMARY:
==1072==     in use at exit: 0 bytes in 0 blocks
==1072==   total heap usage: 415 allocs, 415 frees, 133,278 bytes allocated
==1072== 
==1072== All heap blocks were freed -- no leaks are possible
==1072== 
==1072== For counts of detected and suppressed errors, rerun with: -v
==1072== ERROR SUMMARY: 0 errors from 0 contexts (suppressed: 0 from 0)
<end of output>
Test time =   1.66 sec
----------------------------------------------------------
Test Passed.
"Filter.Size3_F_nF_F" end time: Mar 08 04:09 UTC
"Filter.Size3_F_nF_F" time elapsed: 00:00:01
----------------------------------------------------------

21/50 Testing: Filter.SameNodeCheck
21/50 Test: Filter.SameNodeCheck
Command: "/usr/bin/valgrind" "--tool=memcheck" "--leak-check=yes" "--trace-children=no" "--error-exitcode=113" "/home/codio/workspace/hw3/llrec_tests/llrec_tests" "--gtest_filter=Filter.SameNodeCheck"
Directory: /home/codio/workspace/hw3/llrec_tests
"Filter.SameNodeCheck" start time: Mar 08 04:09 UTC
Output:
----------------------------------------------------------
==1073== Memcheck, a memory error detector
==1073== Copyright (C) 2002-2017, and GNU GPL'd, by Julian Seward et al.
==1073== Using Valgrind-3.13.0 and LibVEX; rerun with -h for copyright info
==1073== Command: /home/codio/workspace/hw3/llrec_tests/llrec_tests --gtest_filter=Filter.SameNodeCheck
==1073== 
Running main() from /home/codio/googletest/googletest/src/gtest_main.cc
Note: Google Test filter = Filter.SameNodeCheck
[==========] Running 1 test from 1 test suite.
[----------] Global test environment set-up.
[----------] 1 test from Filter
[ RUN      ] Filter.SameNodeCheck
[       OK ] Filter.SameNodeCheck (51 ms)
[----------] 1 test from Filter (62 ms total)

[----------] Global test environment tear-down
[==========] 1 test from 1 test suite ran. (122 ms total)
[  PASSED  ] 1 test.
==1073== 
==1073== HEAP SUMMARY:
==1073==     in use at exit: 0 bytes in 0 blocks
==1073==   total heap usage: 420 allocs, 420 frees, 133,388 bytes allocated
==1073== 
==1073== All heap blocks were freed -- no leaks are possible
==1073== 
==1073== For counts of detected and suppressed errors, rerun with: -v
==1073== ERROR SUMMARY: 0 errors from 0 contexts (suppressed: 0 from 0)
<end of output>
Test time =   1.72 sec
----------------------------------------------------------
Test Passed.
"Filter.SameNodeCheck" end time: Mar 08 04:09 UTC
"Filter.SameNodeCheck" time elapsed: 00:00:01
----------------------------------------------------------

22/50 Testing: Filter.MultipleCalls
22/50 Test: Filter.MultipleCalls
Command: "/usr/bin/valgrind" "--tool=memcheck" "--leak-check=yes" "--trace-children=no" "--error-exitcode=113" "/home/codio/workspace/hw3/llrec_tests/llrec_tests" "--gtest_filter=Filter.MultipleCalls"
Directory: /home/codio/workspace/hw3/llrec_tests
"Filter.MultipleCalls" start time: Mar 08 04:09 UTC
Output:
----------------------------------------------------------
==1074== Memcheck, a memory error detector
==1074== Copyright (C) 2002-2017, and GNU GPL'd, by Julian Seward et al.
==1074== Using Valgrind-3.13.0 and LibVEX; rerun with -h for copyright info
==1074== Command: /home/codio/workspace/hw3/llrec_tests/llrec_tests --gtest_filter=Filter.MultipleCalls
==1074== 
Running main() from /home/codio/googletest/googletest/src/gtest_main.cc
Note: Google Test filter = Filter.MultipleCalls
[==========] Running 1 test from 1 test suite.
[----------] Global test environment set-up.
[----------] 1 test from Filter
[ RUN      ] Filter.MultipleCalls
[       OK ] Filter.MultipleCalls (46 ms)
[----------] 1 test from Filter (60 ms total)

[----------] Global test environment tear-down
[==========] 1 test from 1 test suite ran. (124 ms total)
[  PASSED  ] 1 test.
==1074== 
==1074== HEAP SUMMARY:
==1074==     in use at exit: 0 bytes in 0 blocks
==1074==   total heap usage: 420 allocs, 420 frees, 133,388 bytes allocated
==1074== 
==1074== All heap blocks were freed -- no leaks are possible
==1074== 
==1074== For counts of detected and suppressed errors, rerun with: -v
==1074== ERROR SUMMARY: 0 errors from 0 contexts (suppressed: 0 from 0)
<end of output>
Test time =   1.97 sec
----------------------------------------------------------
Test Passed.
"Filter.MultipleCalls" end time: Mar 08 04:09 UTC
"Filter.MultipleCalls" time elapsed: 00:00:01
----------------------------------------------------------

23/50 Testing: Filter.CompareWithLlrec
23/50 Test: Filter.CompareWithLlrec
Command: "/usr/bin/valgrind" "--tool=memcheck" "--leak-check=yes" "--trace-children=no" "--error-exitcode=113" "/home/codio/workspace/hw3/llrec_tests/llrec_tests" "--gtest_filter=Filter.CompareWithLlrec"
Directory: /home/codio/workspace/hw3/llrec_tests
"Filter.CompareWithLlrec" start time: Mar 08 04:09 UTC
Output:
----------------------------------------------------------
==1075== Memcheck, a memory error detector
==1075== Copyright (C) 2002-2017, and GNU GPL'd, by Julian Seward et al.
==1075== Using Valgrind-3.13.0 and LibVEX; rerun with -h for copyright info
==1075== Command: /home/codio/workspace/hw3/llrec_tests/llrec_tests --gtest_filter=Filter.CompareWithLlrec
==1075== 
Running main() from /home/codio/googletest/googletest/src/gtest_main.cc
Note: Google Test filter = Filter.CompareWithLlrec
[==========] Running 1 test from 1 test suite.
[----------] Global test environment set-up.
[----------] 1 test from Filter
[ RUN      ] Filter.CompareWithLlrec
[       OK ] Filter.CompareWithLlrec (44 ms)
[----------] 1 test from Filter (54 ms total)

[----------] Global test environment tear-down
[==========] 1 test from 1 test suite ran. (114 ms total)
[  PASSED  ] 1 test.
==1075== 
==1075== HEAP SUMMARY:
==1075==     in use at exit: 0 bytes in 0 blocks
==1075==   total heap usage: 430 allocs, 430 frees, 133,542 bytes allocated
==1075== 
==1075== All heap blocks were freed -- no leaks are possible
==1075== 
==1075== For counts of detected and suppressed errors, rerun with: -v
==1075== ERROR SUMMARY: 0 errors from 0 contexts (suppressed: 0 from 0)
<end of output>
Test time =   2.37 sec
----------------------------------------------------------
Test Passed.
"Filter.CompareWithLlrec" end time: Mar 08 04:09 UTC
"Filter.CompareWithLlrec" time elapsed: 00:00:02
----------------------------------------------------------

24/50 Testing: Stack.BasicString
24/50 Test: Stack.BasicString
Command: "/usr/bin/valgrind" "--tool=memcheck" "--leak-check=yes" "--trace-children=no" "--error-exitcode=113" "/home/codio/workspace/hw3/stack_tests/stack_tests" "--gtest_filter=Stack.BasicString"
Directory: /home/codio/workspace/hw3/stack_tests
"Stack.BasicString" start time: Mar 08 04:09 UTC
Output:
----------------------------------------------------------
==1076== Memcheck, a memory error detector
==1076== Copyright (C) 2002-2017, and GNU GPL'd, by Julian Seward et al.
==1076== Using Valgrind-3.13.0 and LibVEX; rerun with -h for copyright info
==1076== Command: /home/codio/workspace/hw3/stack_tests/stack_tests --gtest_filter=Stack.BasicString
==1076== 
Running main() from /home/codio/googletest/googletest/src/gtest_main.cc
Note: Google Test filter = Stack.BasicString
[==========] Running 1 test from 1 test suite.
[----------] Global test environment set-up.
[----------] 1 test from Stack
[ RUN      ] Stack.BasicString
[       OK ] Stack.BasicString (98 ms)
[----------] 1 test from Stack (108 ms total)

[----------] Global test environment tear-down
[==========] 1 test from 1 test suite ran. (165 ms total)
[  PASSED  ] 1 test.
==1076== 
==1076== HEAP SUMMARY:
==1076==     in use at exit: 0 bytes in 0 blocks
==1076==   total heap usage: 230 allocs, 230 frees, 120,530 bytes allocated
==1076== 
==1076== All heap blocks were freed -- no leaks are possible
==1076== 
==1076== For counts of detected and suppressed errors, rerun with: -v
==1076== ERROR SUMMARY: 0 errors from 0 contexts (suppressed: 0 from 0)
<end of output>
Test time =   1.81 sec
----------------------------------------------------------
Test Passed.
"Stack.BasicString" end time: Mar 08 04:09 UTC
"Stack.BasicString" time elapsed: 00:00:01
----------------------------------------------------------

25/50 Testing: Stack.RandomInt
25/50 Test: Stack.RandomInt
Command: "/usr/bin/valgrind" "--tool=memcheck" "--leak-check=yes" "--trace-children=no" "--error-exitcode=113" "/home/codio/workspace/hw3/stack_tests/stack_tests" "--gtest_filter=Stack.RandomInt"
Directory: /home/codio/workspace/hw3/stack_tests
"Stack.RandomInt" start time: Mar 08 04:09 UTC
Output:
----------------------------------------------------------
==1077== Memcheck, a memory error detector
==1077== Copyright (C) 2002-2017, and GNU GPL'd, by Julian Seward et al.
==1077== Using Valgrind-3.13.0 and LibVEX; rerun with -h for copyright info
==1077== Command: /home/codio/workspace/hw3/stack_tests/stack_tests --gtest_filter=Stack.RandomInt
==1077== 
Running main() from /home/codio/googletest/googletest/src/gtest_main.cc
Note: Google Test filter = Stack.RandomInt
[==========] Running 1 test from 1 test suite.
[----------] Global test environment set-up.
[----------] 1 test from Stack
[ RUN      ] Stack.RandomInt
[       OK ] Stack.RandomInt (1789 ms)
[----------] 1 test from Stack (1799 ms total)

[----------] Global test environment tear-down
[==========] 1 test from 1 test suite ran. (1855 ms total)
[  PASSED  ] 1 test.
==1077== 
==1077== HEAP SUMMARY:
==1077==     in use at exit: 0 bytes in 0 blocks
==1077==   total heap usage: 21,262 allocs, 21,262 frees, 1,081,363 bytes allocated
==1077== 
==1077== All heap blocks were freed -- no leaks are possible
==1077== 
==1077== For counts of detected and suppressed errors, rerun with: -v
==1077== ERROR SUMMARY: 0 errors from 0 contexts (suppressed: 0 from 0)
<end of output>
Test time =   3.65 sec
----------------------------------------------------------
Test Passed.
"Stack.RandomInt" end time: Mar 08 04:09 UTC
"Stack.RandomInt" time elapsed: 00:00:03
----------------------------------------------------------

26/50 Testing: HeapTest.ConstructionDestruction
26/50 Test: HeapTest.ConstructionDestruction
Command: "/usr/bin/valgrind" "--tool=memcheck" "--leak-check=yes" "--trace-children=no" "--error-exitcode=113" "/home/codio/workspace/hw3/heap_tests/heap_tests" "--gtest_filter=HeapTest.ConstructionDestruction"
Directory: /home/codio/workspace/hw3/heap_tests
"HeapTest.ConstructionDestruction" start time: Mar 08 04:09 UTC
Output:
----------------------------------------------------------
==1078== Memcheck, a memory error detector
==1078== Copyright (C) 2002-2017, and GNU GPL'd, by Julian Seward et al.
==1078== Using Valgrind-3.13.0 and LibVEX; rerun with -h for copyright info
==1078== Command: /home/codio/workspace/hw3/heap_tests/heap_tests --gtest_filter=HeapTest.ConstructionDestruction
==1078== 
Running main() from /home/codio/googletest/googletest/src/gtest_main.cc
Note: Google Test filter = HeapTest.ConstructionDestruction
[==========] Running 1 test from 1 test suite.
[----------] Global test environment set-up.
[----------] 1 test from HeapTest
[ RUN      ] HeapTest.ConstructionDestruction
[       OK ] HeapTest.ConstructionDestruction (18 ms)
[----------] 1 test from HeapTest (28 ms total)

[----------] Global test environment tear-down
[==========] 1 test from 1 test suite ran. (83 ms total)
[  PASSED  ] 1 test.
==1078== 
==1078== HEAP SUMMARY:
==1078==     in use at exit: 0 bytes in 0 blocks
==1078==   total heap usage: 468 allocs, 468 frees, 135,723 bytes allocated
==1078== 
==1078== All heap blocks were freed -- no leaks are possible
==1078== 
==1078== For counts of detected and suppressed errors, rerun with: -v
==1078== ERROR SUMMARY: 0 errors from 0 contexts (suppressed: 0 from 0)
<end of output>
Test time =   1.61 sec
----------------------------------------------------------
Test Passed.
"HeapTest.ConstructionDestruction" end time: Mar 08 04:09 UTC
"HeapTest.ConstructionDestruction" time elapsed: 00:00:01
----------------------------------------------------------

27/50 Testing: HeapTest.InitiallyEmpty
27/50 Test: HeapTest.InitiallyEmpty
Command: "/usr/bin/valgrind" "--tool=memcheck" "--leak-check=yes" "--trace-children=no" "--error-exitcode=113" "/home/codio/workspace/hw3/heap_tests/heap_tests" "--gtest_filter=HeapTest.InitiallyEmpty"
Directory: /home/codio/workspace/hw3/heap_tests
"HeapTest.InitiallyEmpty" start time: Mar 08 04:09 UTC
Output:
----------------------------------------------------------
==1079== Memcheck, a memory error detector
==1079== Copyright (C) 2002-2017, and GNU GPL'd, by Julian Seward et al.
==1079== Using Valgrind-3.13.0 and LibVEX; rerun with -h for copyright info
==1079== Command: /home/codio/workspace/hw3/heap_tests/heap_tests --gtest_filter=HeapTest.InitiallyEmpty
==1079== 
Running main() from /home/codio/googletest/googletest/src/gtest_main.cc
Note: Google Test filter = HeapTest.InitiallyEmpty
[==========] Running 1 test from 1 test suite.
[----------] Global test environment set-up.
[----------] 1 test from HeapTest
[ RUN      ] HeapTest.InitiallyEmpty
[       OK ] HeapTest.InitiallyEmpty (21 ms)
[----------] 1 test from HeapTest (32 ms total)

[----------] Global test environment tear-down
[==========] 1 test from 1 test suite ran. (88 ms total)
[  PASSED  ] 1 test.
==1079== 
==1079== HEAP SUMMARY:
==1079==     in use at exit: 0 bytes in 0 blocks
==1079==   total heap usage: 468 allocs, 468 frees, 135,627 bytes allocated
==1079== 
==1079== All heap blocks were freed -- no leaks are possible
==1079== 
==1079== For counts of detected and suppressed errors, rerun with: -v
==1079== ERROR SUMMARY: 0 errors from 0 contexts (suppressed: 0 from 0)
<end of output>
Test time =   1.63 sec
----------------------------------------------------------
Test Passed.
"HeapTest.InitiallyEmpty" end time: Mar 08 04:09 UTC
"HeapTest.InitiallyEmpty" time elapsed: 00:00:01
----------------------------------------------------------

28/50 Testing: HeapTest.EmptyTopException
28/50 Test: HeapTest.EmptyTopException
Command: "/usr/bin/valgrind" "--tool=memcheck" "--leak-check=yes" "--trace-children=no" "--error-exitcode=113" "/home/codio/workspace/hw3/heap_tests/heap_tests" "--gtest_filter=HeapTest.EmptyTopException"
Directory: /home/codio/workspace/hw3/heap_tests
"HeapTest.EmptyTopException" start time: Mar 08 04:09 UTC
Output:
----------------------------------------------------------
==1080== Memcheck, a memory error detector
==1080== Copyright (C) 2002-2017, and GNU GPL'd, by Julian Seward et al.
==1080== Using Valgrind-3.13.0 and LibVEX; rerun with -h for copyright info
==1080== Command: /home/codio/workspace/hw3/heap_tests/heap_tests --gtest_filter=HeapTest.EmptyTopException
==1080== 
Running main() from /home/codio/googletest/googletest/src/gtest_main.cc
Note: Google Test filter = HeapTest.EmptyTopException
[==========] Running 1 test from 1 test suite.
[----------] Global test environment set-up.
[----------] 1 test from HeapTest
[ RUN      ] HeapTest.EmptyTopException
[       OK ] HeapTest.EmptyTopException (62 ms)
[----------] 1 test from HeapTest (73 ms total)

[----------] Global test environment tear-down
[==========] 1 test from 1 test suite ran. (129 ms total)
[  PASSED  ] 1 test.
==1080== 
==1080== HEAP SUMMARY:
==1080==     in use at exit: 0 bytes in 0 blocks
==1080==   total heap usage: 470 allocs, 470 frees, 135,839 bytes allocated
==1080== 
==1080== All heap blocks were freed -- no leaks are possible
==1080== 
==1080== For counts of detected and suppressed errors, rerun with: -v
==1080== ERROR SUMMARY: 0 errors from 0 contexts (suppressed: 0 from 0)
<end of output>
Test time =   1.64 sec
----------------------------------------------------------
Test Passed.
"HeapTest.EmptyTopException" end time: Mar 08 04:09 UTC
"HeapTest.EmptyTopException" time elapsed: 00:00:01
----------------------------------------------------------

29/50 Testing: HeapTest.EmptyPopException
29/50 Test: HeapTest.EmptyPopException
Command: "/usr/bin/valgrind" "--tool=memcheck" "--leak-check=yes" "--trace-children=no" "--error-exitcode=113" "/home/codio/workspace/hw3/heap_tests/heap_tests" "--gtest_filter=HeapTest.EmptyPopException"
Directory: /home/codio/workspace/hw3/heap_tests
"HeapTest.EmptyPopException" start time: Mar 08 04:09 UTC
Output:
----------------------------------------------------------
==1081== Memcheck, a memory error detector
==1081== Copyright (C) 2002-2017, and GNU GPL'd, by Julian Seward et al.
==1081== Using Valgrind-3.13.0 and LibVEX; rerun with -h for copyright info
==1081== Command: /home/codio/workspace/hw3/heap_tests/heap_tests --gtest_filter=HeapTest.EmptyPopException
==1081== 
Running main() from /home/codio/googletest/googletest/src/gtest_main.cc
Note: Google Test filter = HeapTest.EmptyPopException
[==========] Running 1 test from 1 test suite.
[----------] Global test environment set-up.
[----------] 1 test from HeapTest
[ RUN      ] HeapTest.EmptyPopException
[       OK ] HeapTest.EmptyPopException (62 ms)
[----------] 1 test from HeapTest (72 ms total)

[----------] Global test environment tear-down
[==========] 1 test from 1 test suite ran. (126 ms total)
[  PASSED  ] 1 test.
==1081== 
==1081== HEAP SUMMARY:
==1081==     in use at exit: 0 bytes in 0 blocks
==1081==   total heap usage: 470 allocs, 470 frees, 135,839 bytes allocated
==1081== 
==1081== All heap blocks were freed -- no leaks are possible
==1081== 
==1081== For counts of detected and suppressed errors, rerun with: -v
==1081== ERROR SUMMARY: 0 errors from 0 contexts (suppressed: 0 from 0)
<end of output>
Test time =   1.65 sec
----------------------------------------------------------
Test Passed.
"HeapTest.EmptyPopException" end time: Mar 08 04:09 UTC
"HeapTest.EmptyPopException" time elapsed: 00:00:01
----------------------------------------------------------

30/50 Testing: HeapTest.SingleItemNonempty
30/50 Test: HeapTest.SingleItemNonempty
Command: "/usr/bin/valgrind" "--tool=memcheck" "--leak-check=yes" "--trace-children=no" "--error-exitcode=113" "/home/codio/workspace/hw3/heap_tests/heap_tests" "--gtest_filter=HeapTest.SingleItemNonempty"
Directory: /home/codio/workspace/hw3/heap_tests
"HeapTest.SingleItemNonempty" start time: Mar 08 04:09 UTC
Output:
----------------------------------------------------------
==1082== Memcheck, a memory error detector
==1082== Copyright (C) 2002-2017, and GNU GPL'd, by Julian Seward et al.
==1082== Using Valgrind-3.13.0 and LibVEX; rerun with -h for copyright info
==1082== Command: /home/codio/workspace/hw3/heap_tests/heap_tests --gtest_filter=HeapTest.SingleItemNonempty
==1082== 
Running main() from /home/codio/googletest/googletest/src/gtest_main.cc
Note: Google Test filter = HeapTest.SingleItemNonempty
[==========] Running 1 test from 1 test suite.
[----------] Global test environment set-up.
[----------] 1 test from HeapTest
[ RUN      ] HeapTest.SingleItemNonempty
[       OK ] HeapTest.SingleItemNonempty (25 ms)
[----------] 1 test from HeapTest (35 ms total)

[----------] Global test environment tear-down
[==========] 1 test from 1 test suite ran. (93 ms total)
[  PASSED  ] 1 test.
==1082== 
==1082== HEAP SUMMARY:
==1082==     in use at exit: 0 bytes in 0 blocks
==1082==   total heap usage: 469 allocs, 469 frees, 135,671 bytes allocated
==1082== 
==1082== All heap blocks were freed -- no leaks are possible
==1082== 
==1082== For counts of detected and suppressed errors, rerun with: -v
==1082== ERROR SUMMARY: 0 errors from 0 contexts (suppressed: 0 from 0)
<end of output>
Test time =   1.68 sec
----------------------------------------------------------
Test Passed.
"HeapTest.SingleItemNonempty" end time: Mar 08 04:09 UTC
"HeapTest.SingleItemNonempty" time elapsed: 00:00:01
----------------------------------------------------------

31/50 Testing: HeapTest.SingleItemPush
31/50 Test: HeapTest.SingleItemPush
Command: "/usr/bin/valgrind" "--tool=memcheck" "--leak-check=yes" "--trace-children=no" "--error-exitcode=113" "/home/codio/workspace/hw3/heap_tests/heap_tests" "--gtest_filter=HeapTest.SingleItemPush"
Directory: /home/codio/workspace/hw3/heap_tests
"HeapTest.SingleItemPush" start time: Mar 08 04:09 UTC
Output:
----------------------------------------------------------
==1083== Memcheck, a memory error detector
==1083== Copyright (C) 2002-2017, and GNU GPL'd, by Julian Seward et al.
==1083== Using Valgrind-3.13.0 and LibVEX; rerun with -h for copyright info
==1083== Command: /home/codio/workspace/hw3/heap_tests/heap_tests --gtest_filter=HeapTest.SingleItemPush
==1083== 
Running main() from /home/codio/googletest/googletest/src/gtest_main.cc
Note: Google Test filter = HeapTest.SingleItemPush
[==========] Running 1 test from 1 test suite.
[----------] Global test environment set-up.
[----------] 1 test from HeapTest
[ RUN      ] HeapTest.SingleItemPush
[       OK ] HeapTest.SingleItemPush (28 ms)
[----------] 1 test from HeapTest (38 ms total)

[----------] Global test environment tear-down
[==========] 1 test from 1 test suite ran. (92 ms total)
[  PASSED  ] 1 test.
==1083== 
==1083== HEAP SUMMARY:
==1083==     in use at exit: 0 bytes in 0 blocks
==1083==   total heap usage: 469 allocs, 469 frees, 135,631 bytes allocated
==1083== 
==1083== All heap blocks were freed -- no leaks are possible
==1083== 
==1083== For counts of detected and suppressed errors, rerun with: -v
==1083== ERROR SUMMARY: 0 errors from 0 contexts (suppressed: 0 from 0)
<end of output>
Test time =   1.66 sec
----------------------------------------------------------
Test Passed.
"HeapTest.SingleItemPush" end time: Mar 08 04:09 UTC
"HeapTest.SingleItemPush" time elapsed: 00:00:01
----------------------------------------------------------

32/50 Testing: HeapTest.SingleItemPushPop
32/50 Test: HeapTest.SingleItemPushPop
Command: "/usr/bin/valgrind" "--tool=memcheck" "--leak-check=yes" "--trace-children=no" "--error-exitcode=113" "/home/codio/workspace/hw3/heap_tests/heap_tests" "--gtest_filter=HeapTest.SingleItemPushPop"
Directory: /home/codio/workspace/hw3/heap_tests
"HeapTest.SingleItemPushPop" start time: Mar 08 04:09 UTC
Output:
----------------------------------------------------------
==1084== Memcheck, a memory error detector
==1084== Copyright (C) 2002-2017, and GNU GPL'd, by Julian Seward et al.
==1084== Using Valgrind-3.13.0 and LibVEX; rerun with -h for copyright info
==1084== Command: /home/codio/workspace/hw3/heap_tests/heap_tests --gtest_filter=HeapTest.SingleItemPushPop
==1084== 
Running main() from /home/codio/googletest/googletest/src/gtest_main.cc
Note: Google Test filter = HeapTest.SingleItemPushPop
[==========] Running 1 test from 1 test suite.
[----------] Global test environment set-up.
[----------] 1 test from HeapTest
[ RUN      ] HeapTest.SingleItemPushPop
[       OK ] HeapTest.SingleItemPushPop (27 ms)
[----------] 1 test from HeapTest (37 ms total)

[----------] Global test environment tear-down
[==========] 1 test from 1 test suite ran. (91 ms total)
[  PASSED  ] 1 test.
==1084== 
==1084== HEAP SUMMARY:
==1084==     in use at exit: 0 bytes in 0 blocks
==1084==   total heap usage: 469 allocs, 469 frees, 135,661 bytes allocated
==1084== 
==1084== All heap blocks were freed -- no leaks are possible
==1084== 
==1084== For counts of detected and suppressed errors, rerun with: -v
==1084== ERROR SUMMARY: 0 errors from 0 contexts (suppressed: 0 from 0)
<end of output>
Test time =   1.67 sec
----------------------------------------------------------
Test Passed.
"HeapTest.SingleItemPushPop" end time: Mar 08 04:09 UTC
"HeapTest.SingleItemPushPop" time elapsed: 00:00:01
----------------------------------------------------------

33/50 Testing: HeapTest.TwoElementPush_LowPriFirst
33/50 Test: HeapTest.TwoElementPush_LowPriFirst
Command: "/usr/bin/valgrind" "--tool=memcheck" "--leak-check=yes" "--trace-children=no" "--error-exitcode=113" "/home/codio/workspace/hw3/heap_tests/heap_tests" "--gtest_filter=HeapTest.TwoElementPush_LowPriFirst"
Directory: /home/codio/workspace/hw3/heap_tests
"HeapTest.TwoElementPush_LowPriFirst" start time: Mar 08 04:09 UTC
Output:
----------------------------------------------------------
==1085== Memcheck, a memory error detector
==1085== Copyright (C) 2002-2017, and GNU GPL'd, by Julian Seward et al.
==1085== Using Valgrind-3.13.0 and LibVEX; rerun with -h for copyright info
==1085== Command: /home/codio/workspace/hw3/heap_tests/heap_tests --gtest_filter=HeapTest.TwoElementPush_LowPriFirst
==1085== 
Running main() from /home/codio/googletest/googletest/src/gtest_main.cc
Note: Google Test filter = HeapTest.TwoElementPush_LowPriFirst
[==========] Running 1 test from 1 test suite.
[----------] Global test environment set-up.
[----------] 1 test from HeapTest
[ RUN      ] HeapTest.TwoElementPush_LowPriFirst
[       OK ] HeapTest.TwoElementPush_LowPriFirst (34 ms)
[----------] 1 test from HeapTest (44 ms total)

[----------] Global test environment tear-down
[==========] 1 test from 1 test suite ran. (100 ms total)
[  PASSED  ] 1 test.
==1085== 
==1085== HEAP SUMMARY:
==1085==     in use at exit: 0 bytes in 0 blocks
==1085==   total heap usage: 470 allocs, 470 frees, 135,774 bytes allocated
==1085== 
==1085== All heap blocks were freed -- no leaks are possible
==1085== 
==1085== For counts of detected and suppressed errors, rerun with: -v
==1085== ERROR SUMMARY: 0 errors from 0 contexts (suppressed: 0 from 0)
<end of output>
Test time =   1.60 sec
----------------------------------------------------------
Test Passed.
"HeapTest.TwoElementPush_LowPriFirst" end time: Mar 08 04:09 UTC
"HeapTest.TwoElementPush_LowPriFirst" time elapsed: 00:00:01
----------------------------------------------------------

34/50 Testing: HeapTest.TwoElementPush_HighPriFirst
34/50 Test: HeapTest.TwoElementPush_HighPriFirst
Command: "/usr/bin/valgrind" "--tool=memcheck" "--leak-check=yes" "--trace-children=no" "--error-exitcode=113" "/home/codio/workspace/hw3/heap_tests/heap_tests" "--gtest_filter=HeapTest.TwoElementPush_HighPriFirst"
Directory: /home/codio/workspace/hw3/heap_tests
"HeapTest.TwoElementPush_HighPriFirst" start time: Mar 08 04:09 UTC
Output:
----------------------------------------------------------
==1086== Memcheck, a memory error detector
==1086== Copyright (C) 2002-2017, and GNU GPL'd, by Julian Seward et al.
==1086== Using Valgrind-3.13.0 and LibVEX; rerun with -h for copyright info
==1086== Command: /home/codio/workspace/hw3/heap_tests/heap_tests --gtest_filter=HeapTest.TwoElementPush_HighPriFirst
==1086== 
Running main() from /home/codio/googletest/googletest/src/gtest_main.cc
Note: Google Test filter = HeapTest.TwoElementPush_HighPriFirst
[==========] Running 1 test from 1 test suite.
[----------] Global test environment set-up.
[----------] 1 test from HeapTest
[ RUN      ] HeapTest.TwoElementPush_HighPriFirst
[       OK ] HeapTest.TwoElementPush_HighPriFirst (35 ms)
[----------] 1 test from HeapTest (46 ms total)

[----------] Global test environment tear-down
[==========] 1 test from 1 test suite ran. (103 ms total)
[  PASSED  ] 1 test.
==1086== 
==1086== HEAP SUMMARY:
==1086==     in use at exit: 0 bytes in 0 blocks
==1086==   total heap usage: 470 allocs, 470 frees, 135,787 bytes allocated
==1086== 
==1086== All heap blocks were freed -- no leaks are possible
==1086== 
==1086== For counts of detected and suppressed errors, rerun with: -v
==1086== ERROR SUMMARY: 0 errors from 0 contexts (suppressed: 0 from 0)
<end of output>
Test time =   1.68 sec
----------------------------------------------------------
Test Passed.
"HeapTest.TwoElementPush_HighPriFirst" end time: Mar 08 04:09 UTC
"HeapTest.TwoElementPush_HighPriFirst" time elapsed: 00:00:01
----------------------------------------------------------

35/50 Testing: HeapTest.Duplicates
35/50 Test: HeapTest.Duplicates
Command: "/usr/bin/valgrind" "--tool=memcheck" "--leak-check=yes" "--trace-children=no" "--error-exitcode=113" "/home/codio/workspace/hw3/heap_tests/heap_tests" "--gtest_filter=HeapTest.Duplicates"
Directory: /home/codio/workspace/hw3/heap_tests
"HeapTest.Duplicates" start time: Mar 08 04:09 UTC
Output:
----------------------------------------------------------
==1087== Memcheck, a memory error detector
==1087== Copyright (C) 2002-2017, and GNU GPL'd, by Julian Seward et al.
==1087== Using Valgrind-3.13.0 and LibVEX; rerun with -h for copyright info
==1087== Command: /home/codio/workspace/hw3/heap_tests/heap_tests --gtest_filter=HeapTest.Duplicates
==1087== 
Running main() from /home/codio/googletest/googletest/src/gtest_main.cc
Note: Google Test filter = HeapTest.Duplicates
[==========] Running 1 test from 1 test suite.
[----------] Global test environment set-up.
[----------] 1 test from HeapTest
[ RUN      ] HeapTest.Duplicates
[       OK ] HeapTest.Duplicates (37 ms)
[----------] 1 test from HeapTest (47 ms total)

[----------] Global test environment tear-down
[==========] 1 test from 1 test suite ran. (102 ms total)
[  PASSED  ] 1 test.
==1087== 
==1087== HEAP SUMMARY:
==1087==     in use at exit: 0 bytes in 0 blocks
==1087==   total heap usage: 471 allocs, 471 frees, 135,615 bytes allocated
==1087== 
==1087== All heap blocks were freed -- no leaks are possible
==1087== 
==1087== For counts of detected and suppressed errors, rerun with: -v
==1087== ERROR SUMMARY: 0 errors from 0 contexts (suppressed: 0 from 0)
<end of output>
Test time =   1.65 sec
----------------------------------------------------------
Test Passed.
"HeapTest.Duplicates" end time: Mar 08 04:09 UTC
"HeapTest.Duplicates" time elapsed: 00:00:01
----------------------------------------------------------

36/50 Testing: HeapTest.NegativeElements
36/50 Test: HeapTest.NegativeElements
Command: "/usr/bin/valgrind" "--tool=memcheck" "--leak-check=yes" "--trace-children=no" "--error-exitcode=113" "/home/codio/workspace/hw3/heap_tests/heap_tests" "--gtest_filter=HeapTest.NegativeElements"
Directory: /home/codio/workspace/hw3/heap_tests
"HeapTest.NegativeElements" start time: Mar 08 04:09 UTC
Output:
----------------------------------------------------------
==1088== Memcheck, a memory error detector
==1088== Copyright (C) 2002-2017, and GNU GPL'd, by Julian Seward et al.
==1088== Using Valgrind-3.13.0 and LibVEX; rerun with -h for copyright info
==1088== Command: /home/codio/workspace/hw3/heap_tests/heap_tests --gtest_filter=HeapTest.NegativeElements
==1088== 
Running main() from /home/codio/googletest/googletest/src/gtest_main.cc
Note: Google Test filter = HeapTest.NegativeElements
[==========] Running 1 test from 1 test suite.
[----------] Global test environment set-up.
[----------] 1 test from HeapTest
[ RUN      ] HeapTest.NegativeElements
[       OK ] HeapTest.NegativeElements (30 ms)
[----------] 1 test from HeapTest (40 ms total)

[----------] Global test environment tear-down
[==========] 1 test from 1 test suite ran. (95 ms total)
[  PASSED  ] 1 test.
==1088== 
==1088== HEAP SUMMARY:
==1088==     in use at exit: 0 bytes in 0 blocks
==1088==   total heap usage: 470 allocs, 470 frees, 135,659 bytes allocated
==1088== 
==1088== All heap blocks were freed -- no leaks are possible
==1088== 
==1088== For counts of detected and suppressed errors, rerun with: -v
==1088== ERROR SUMMARY: 0 errors from 0 contexts (suppressed: 0 from 0)
<end of output>
Test time =   1.63 sec
----------------------------------------------------------
Test Passed.
"HeapTest.NegativeElements" end time: Mar 08 04:09 UTC
"HeapTest.NegativeElements" time elapsed: 00:00:01
----------------------------------------------------------

37/50 Testing: HeapTest.ThreeElementPush_0_5_10
37/50 Test: HeapTest.ThreeElementPush_0_5_10
Command: "/usr/bin/valgrind" "--tool=memcheck" "--leak-check=yes" "--trace-children=no" "--error-exitcode=113" "/home/codio/workspace/hw3/heap_tests/heap_tests" "--gtest_filter=HeapTest.ThreeElementPush_0_5_10"
Directory: /home/codio/workspace/hw3/heap_tests
"HeapTest.ThreeElementPush_0_5_10" start time: Mar 08 04:09 UTC
Output:
----------------------------------------------------------
==1089== Memcheck, a memory error detector
==1089== Copyright (C) 2002-2017, and GNU GPL'd, by Julian Seward et al.
==1089== Using Valgrind-3.13.0 and LibVEX; rerun with -h for copyright info
==1089== Command: /home/codio/workspace/hw3/heap_tests/heap_tests --gtest_filter=HeapTest.ThreeElementPush_0_5_10
==1089== 
Running main() from /home/codio/googletest/googletest/src/gtest_main.cc
Note: Google Test filter = HeapTest.ThreeElementPush_0_5_10
[==========] Running 1 test from 1 test suite.
[----------] Global test environment set-up.
[----------] 1 test from HeapTest
[ RUN      ] HeapTest.ThreeElementPush_0_5_10
[       OK ] HeapTest.ThreeElementPush_0_5_10 (37 ms)
[----------] 1 test from HeapTest (47 ms total)

[----------] Global test environment tear-down
[==========] 1 test from 1 test suite ran. (101 ms total)
[  PASSED  ] 1 test.
==1089== 
==1089== HEAP SUMMARY:
==1089==     in use at exit: 0 bytes in 0 blocks
==1089==   total heap usage: 471 allocs, 471 frees, 135,751 bytes allocated
==1089== 
==1089== All heap blocks were freed -- no leaks are possible
==1089== 
==1089== For counts of detected and suppressed errors, rerun with: -v
==1089== ERROR SUMMARY: 0 errors from 0 contexts (suppressed: 0 from 0)
<end of output>
Test time =   1.62 sec
----------------------------------------------------------
Test Passed.
"HeapTest.ThreeElementPush_0_5_10" end time: Mar 08 04:09 UTC
"HeapTest.ThreeElementPush_0_5_10" time elapsed: 00:00:01
----------------------------------------------------------

38/50 Testing: HeapTest.ThreeElementPush_0_10_5
38/50 Test: HeapTest.ThreeElementPush_0_10_5
Command: "/usr/bin/valgrind" "--tool=memcheck" "--leak-check=yes" "--trace-children=no" "--error-exitcode=113" "/home/codio/workspace/hw3/heap_tests/heap_tests" "--gtest_filter=HeapTest.ThreeElementPush_0_10_5"
Directory: /home/codio/workspace/hw3/heap_tests
"HeapTest.ThreeElementPush_0_10_5" start time: Mar 08 04:09 UTC
Output:
----------------------------------------------------------
==1090== Memcheck, a memory error detector
==1090== Copyright (C) 2002-2017, and GNU GPL'd, by Julian Seward et al.
==1090== Using Valgrind-3.13.0 and LibVEX; rerun with -h for copyright info
==1090== Command: /home/codio/workspace/hw3/heap_tests/heap_tests --gtest_filter=HeapTest.ThreeElementPush_0_10_5
==1090== 
Running main() from /home/codio/googletest/googletest/src/gtest_main.cc
Note: Google Test filter = HeapTest.ThreeElementPush_0_10_5
[==========] Running 1 test from 1 test suite.
[----------] Global test environment set-up.
[----------] 1 test from HeapTest
[ RUN      ] HeapTest.ThreeElementPush_0_10_5
[       OK ] HeapTest.ThreeElementPush_0_10_5 (43 ms)
[----------] 1 test from HeapTest (54 ms total)

[----------] Global test environment tear-down
[==========] 1 test from 1 test suite ran. (115 ms total)
[  PASSED  ] 1 test.
==1090== 
==1090== HEAP SUMMARY:
==1090==     in use at exit: 0 bytes in 0 blocks
==1090==   total heap usage: 471 allocs, 471 frees, 135,751 bytes allocated
==1090== 
==1090== All heap blocks were freed -- no leaks are possible
==1090== 
==1090== For counts of detected and suppressed errors, rerun with: -v
==1090== ERROR SUMMARY: 0 errors from 0 contexts (suppressed: 0 from 0)
<end of output>
Test time =   1.68 sec
----------------------------------------------------------
Test Passed.
"HeapTest.ThreeElementPush_0_10_5" end time: Mar 08 04:09 UTC
"HeapTest.ThreeElementPush_0_10_5" time elapsed: 00:00:01
----------------------------------------------------------

39/50 Testing: HeapTest.ThreeElementPush_5_0_10
39/50 Test: HeapTest.ThreeElementPush_5_0_10
Command: "/usr/bin/valgrind" "--tool=memcheck" "--leak-check=yes" "--trace-children=no" "--error-exitcode=113" "/home/codio/workspace/hw3/heap_tests/heap_tests" "--gtest_filter=HeapTest.ThreeElementPush_5_0_10"
Directory: /home/codio/workspace/hw3/heap_tests
"HeapTest.ThreeElementPush_5_0_10" start time: Mar 08 04:09 UTC
Output:
----------------------------------------------------------
==1091== Memcheck, a memory error detector
==1091== Copyright (C) 2002-2017, and GNU GPL'd, by Julian Seward et al.
==1091== Using Valgrind-3.13.0 and LibVEX; rerun with -h for copyright info
==1091== Command: /home/codio/workspace/hw3/heap_tests/heap_tests --gtest_filter=HeapTest.ThreeElementPush_5_0_10
==1091== 
Running main() from /home/codio/googletest/googletest/src/gtest_main.cc
Note: Google Test filter = HeapTest.ThreeElementPush_5_0_10
[==========] Running 1 test from 1 test suite.
[----------] Global test environment set-up.
[----------] 1 test from HeapTest
[ RUN      ] HeapTest.ThreeElementPush_5_0_10
[       OK ] HeapTest.ThreeElementPush_5_0_10 (38 ms)
[----------] 1 test from HeapTest (48 ms total)

[----------] Global test environment tear-down
[==========] 1 test from 1 test suite ran. (103 ms total)
[  PASSED  ] 1 test.
==1091== 
==1091== HEAP SUMMARY:
==1091==     in use at exit: 0 bytes in 0 blocks
==1091==   total heap usage: 471 allocs, 471 frees, 135,751 bytes allocated
==1091== 
==1091== All heap blocks were freed -- no leaks are possible
==1091== 
==1091== For counts of detected and suppressed errors, rerun with: -v
==1091== ERROR SUMMARY: 0 errors from 0 contexts (suppressed: 0 from 0)
<end of output>
Test time =   1.73 sec
----------------------------------------------------------
Test Passed.
"HeapTest.ThreeElementPush_5_0_10" end time: Mar 08 04:09 UTC
"HeapTest.ThreeElementPush_5_0_10" time elapsed: 00:00:01
----------------------------------------------------------

40/50 Testing: HeapTest.ThreeElementPush_5_10_0
40/50 Test: HeapTest.ThreeElementPush_5_10_0
Command: "/usr/bin/valgrind" "--tool=memcheck" "--leak-check=yes" "--trace-children=no" "--error-exitcode=113" "/home/codio/workspace/hw3/heap_tests/heap_tests" "--gtest_filter=HeapTest.ThreeElementPush_5_10_0"
Directory: /home/codio/workspace/hw3/heap_tests
"HeapTest.ThreeElementPush_5_10_0" start time: Mar 08 04:09 UTC
Output:
----------------------------------------------------------
==1092== Memcheck, a memory error detector
==1092== Copyright (C) 2002-2017, and GNU GPL'd, by Julian Seward et al.
==1092== Using Valgrind-3.13.0 and LibVEX; rerun with -h for copyright info
==1092== Command: /home/codio/workspace/hw3/heap_tests/heap_tests --gtest_filter=HeapTest.ThreeElementPush_5_10_0
==1092== 
Running main() from /home/codio/googletest/googletest/src/gtest_main.cc
Note: Google Test filter = HeapTest.ThreeElementPush_5_10_0
[==========] Running 1 test from 1 test suite.
[----------] Global test environment set-up.
[----------] 1 test from HeapTest
[ RUN      ] HeapTest.ThreeElementPush_5_10_0
[       OK ] HeapTest.ThreeElementPush_5_10_0 (38 ms)
[----------] 1 test from HeapTest (48 ms total)

[----------] Global test environment tear-down
[==========] 1 test from 1 test suite ran. (105 ms total)
[  PASSED  ] 1 test.
==1092== 
==1092== HEAP SUMMARY:
==1092==     in use at exit: 0 bytes in 0 blocks
==1092==   total heap usage: 471 allocs, 471 frees, 135,751 bytes allocated
==1092== 
==1092== All heap blocks were freed -- no leaks are possible
==1092== 
==1092== For counts of detected and suppressed errors, rerun with: -v
==1092== ERROR SUMMARY: 0 errors from 0 contexts (suppressed: 0 from 0)
<end of output>
Test time =   1.62 sec
----------------------------------------------------------
Test Passed.
"HeapTest.ThreeElementPush_5_10_0" end time: Mar 08 04:09 UTC
"HeapTest.ThreeElementPush_5_10_0" time elapsed: 00:00:01
----------------------------------------------------------

41/50 Testing: HeapTest.ThreeElementPush_10_0_5
41/50 Test: HeapTest.ThreeElementPush_10_0_5
Command: "/usr/bin/valgrind" "--tool=memcheck" "--leak-check=yes" "--trace-children=no" "--error-exitcode=113" "/home/codio/workspace/hw3/heap_tests/heap_tests" "--gtest_filter=HeapTest.ThreeElementPush_10_0_5"
Directory: /home/codio/workspace/hw3/heap_tests
"HeapTest.ThreeElementPush_10_0_5" start time: Mar 08 04:09 UTC
Output:
----------------------------------------------------------
==1093== Memcheck, a memory error detector
==1093== Copyright (C) 2002-2017, and GNU GPL'd, by Julian Seward et al.
==1093== Using Valgrind-3.13.0 and LibVEX; rerun with -h for copyright info
==1093== Command: /home/codio/workspace/hw3/heap_tests/heap_tests --gtest_filter=HeapTest.ThreeElementPush_10_0_5
==1093== 
Running main() from /home/codio/googletest/googletest/src/gtest_main.cc
Note: Google Test filter = HeapTest.ThreeElementPush_10_0_5
[==========] Running 1 test from 1 test suite.
[----------] Global test environment set-up.
[----------] 1 test from HeapTest
[ RUN      ] HeapTest.ThreeElementPush_10_0_5
[       OK ] HeapTest.ThreeElementPush_10_0_5 (37 ms)
[----------] 1 test from HeapTest (47 ms total)

[----------] Global test environment tear-down
[==========] 1 test from 1 test suite ran. (101 ms total)
[  PASSED  ] 1 test.
==1093== 
==1093== HEAP SUMMARY:
==1093==     in use at exit: 0 bytes in 0 blocks
==1093==   total heap usage: 471 allocs, 471 frees, 135,751 bytes allocated
==1093== 
==1093== All heap blocks were freed -- no leaks are possible
==1093== 
==1093== For counts of detected and suppressed errors, rerun with: -v
==1093== ERROR SUMMARY: 0 errors from 0 contexts (suppressed: 0 from 0)
<end of output>
Test time =   1.65 sec
----------------------------------------------------------
Test Passed.
"HeapTest.ThreeElementPush_10_0_5" end time: Mar 08 04:09 UTC
"HeapTest.ThreeElementPush_10_0_5" time elapsed: 00:00:01
----------------------------------------------------------

42/50 Testing: HeapTest.ThreeElementPush_10_5_0
42/50 Test: HeapTest.ThreeElementPush_10_5_0
Command: "/usr/bin/valgrind" "--tool=memcheck" "--leak-check=yes" "--trace-children=no" "--error-exitcode=113" "/home/codio/workspace/hw3/heap_tests/heap_tests" "--gtest_filter=HeapTest.ThreeElementPush_10_5_0"
Directory: /home/codio/workspace/hw3/heap_tests
"HeapTest.ThreeElementPush_10_5_0" start time: Mar 08 04:09 UTC
Output:
----------------------------------------------------------
==1094== Memcheck, a memory error detector
==1094== Copyright (C) 2002-2017, and GNU GPL'd, by Julian Seward et al.
==1094== Using Valgrind-3.13.0 and LibVEX; rerun with -h for copyright info
==1094== Command: /home/codio/workspace/hw3/heap_tests/heap_tests --gtest_filter=HeapTest.ThreeElementPush_10_5_0
==1094== 
Running main() from /home/codio/googletest/googletest/src/gtest_main.cc
Note: Google Test filter = HeapTest.ThreeElementPush_10_5_0
[==========] Running 1 test from 1 test suite.
[----------] Global test environment set-up.
[----------] 1 test from HeapTest
[ RUN      ] HeapTest.ThreeElementPush_10_5_0
[       OK ] HeapTest.ThreeElementPush_10_5_0 (38 ms)
[----------] 1 test from HeapTest (48 ms total)

[----------] Global test environment tear-down
[==========] 1 test from 1 test suite ran. (103 ms total)
[  PASSED  ] 1 test.
==1094== 
==1094== HEAP SUMMARY:
==1094==     in use at exit: 0 bytes in 0 blocks
==1094==   total heap usage: 471 allocs, 471 frees, 135,751 bytes allocated
==1094== 
==1094== All heap blocks were freed -- no leaks are possible
==1094== 
==1094== For counts of detected and suppressed errors, rerun with: -v
==1094== ERROR SUMMARY: 0 errors from 0 contexts (suppressed: 0 from 0)
<end of output>
Test time =   1.67 sec
----------------------------------------------------------
Test Passed.
"HeapTest.ThreeElementPush_10_5_0" end time: Mar 08 04:09 UTC
"HeapTest.ThreeElementPush_10_5_0" time elapsed: 00:00:01
----------------------------------------------------------

43/50 Testing: HeapTest.GreaterComparator
43/50 Test: HeapTest.GreaterComparator
Command: "/usr/bin/valgrind" "--tool=memcheck" "--leak-check=yes" "--trace-children=no" "--error-exitcode=113" "/home/codio/workspace/hw3/heap_tests/heap_tests" "--gtest_filter=HeapTest.GreaterComparator"
Directory: /home/codio/workspace/hw3/heap_tests
"HeapTest.GreaterComparator" start time: Mar 08 04:09 UTC
Output:
----------------------------------------------------------
==1095== Memcheck, a memory error detector
==1095== Copyright (C) 2002-2017, and GNU GPL'd, by Julian Seward et al.
==1095== Using Valgrind-3.13.0 and LibVEX; rerun with -h for copyright info
==1095== Command: /home/codio/workspace/hw3/heap_tests/heap_tests --gtest_filter=HeapTest.GreaterComparator
==1095== 
Running main() from /home/codio/googletest/googletest/src/gtest_main.cc
Note: Google Test filter = HeapTest.GreaterComparator
[==========] Running 1 test from 1 test suite.
[----------] Global test environment set-up.
[----------] 1 test from HeapTest
[ RUN      ] HeapTest.GreaterComparator
[       OK ] HeapTest.GreaterComparator (37 ms)
[----------] 1 test from HeapTest (47 ms total)

[----------] Global test environment tear-down
[==========] 1 test from 1 test suite ran. (102 ms total)
[  PASSED  ] 1 test.
==1095== 
==1095== HEAP SUMMARY:
==1095==     in use at exit: 0 bytes in 0 blocks
==1095==   total heap usage: 471 allocs, 471 frees, 135,685 bytes allocated
==1095== 
==1095== All heap blocks were freed -- no leaks are possible
==1095== 
==1095== For counts of detected and suppressed errors, rerun with: -v
==1095== ERROR SUMMARY: 0 errors from 0 contexts (suppressed: 0 from 0)
<end of output>
Test time =   1.60 sec
----------------------------------------------------------
Test Passed.
"HeapTest.GreaterComparator" end time: Mar 08 04:09 UTC
"HeapTest.GreaterComparator" time elapsed: 00:00:01
----------------------------------------------------------

44/50 Testing: HeapTest.StringStorage
44/50 Test: HeapTest.StringStorage
Command: "/usr/bin/valgrind" "--tool=memcheck" "--leak-check=yes" "--trace-children=no" "--error-exitcode=113" "/home/codio/workspace/hw3/heap_tests/heap_tests" "--gtest_filter=HeapTest.StringStorage"
Directory: /home/codio/workspace/hw3/heap_tests
"HeapTest.StringStorage" start time: Mar 08 04:09 UTC
Output:
----------------------------------------------------------
==1096== Memcheck, a memory error detector
==1096== Copyright (C) 2002-2017, and GNU GPL'd, by Julian Seward et al.
==1096== Using Valgrind-3.13.0 and LibVEX; rerun with -h for copyright info
==1096== Command: /home/codio/workspace/hw3/heap_tests/heap_tests --gtest_filter=HeapTest.StringStorage
==1096== 
Running main() from /home/codio/googletest/googletest/src/gtest_main.cc
Note: Google Test filter = HeapTest.StringStorage
[==========] Running 1 test from 1 test suite.
[----------] Global test environment set-up.
[----------] 1 test from HeapTest
[ RUN      ] HeapTest.StringStorage
[       OK ] HeapTest.StringStorage (35 ms)
[----------] 1 test from HeapTest (45 ms total)

[----------] Global test environment tear-down
[==========] 1 test from 1 test suite ran. (100 ms total)
[  PASSED  ] 1 test.
==1096== 
==1096== HEAP SUMMARY:
==1096==     in use at exit: 0 bytes in 0 blocks
==1096==   total heap usage: 471 allocs, 471 frees, 135,841 bytes allocated
==1096== 
==1096== All heap blocks were freed -- no leaks are possible
==1096== 
==1096== For counts of detected and suppressed errors, rerun with: -v
==1096== ERROR SUMMARY: 0 errors from 0 contexts (suppressed: 0 from 0)
<end of output>
Test time =   1.61 sec
----------------------------------------------------------
Test Passed.
"HeapTest.StringStorage" end time: Mar 08 04:09 UTC
"HeapTest.StringStorage" time elapsed: 00:00:01
----------------------------------------------------------

45/50 Testing: HeapTest.FiveElementPush_TrinaryHeap
45/50 Test: HeapTest.FiveElementPush_TrinaryHeap
Command: "/usr/bin/valgrind" "--tool=memcheck" "--leak-check=yes" "--trace-children=no" "--error-exitcode=113" "/home/codio/workspace/hw3/heap_tests/heap_tests" "--gtest_filter=HeapTest.FiveElementPush_TrinaryHeap"
Directory: /home/codio/workspace/hw3/heap_tests
"HeapTest.FiveElementPush_TrinaryHeap" start time: Mar 08 04:09 UTC
Output:
----------------------------------------------------------
==1097== Memcheck, a memory error detector
==1097== Copyright (C) 2002-2017, and GNU GPL'd, by Julian Seward et al.
==1097== Using Valgrind-3.13.0 and LibVEX; rerun with -h for copyright info
==1097== Command: /home/codio/workspace/hw3/heap_tests/heap_tests --gtest_filter=HeapTest.FiveElementPush_TrinaryHeap
==1097== 
Running main() from /home/codio/googletest/googletest/src/gtest_main.cc
Note: Google Test filter = HeapTest.FiveElementPush_TrinaryHeap
[==========] Running 1 test from 1 test suite.
[----------] Global test environment set-up.
[----------] 1 test from HeapTest
[ RUN      ] HeapTest.FiveElementPush_TrinaryHeap
[       OK ] HeapTest.FiveElementPush_TrinaryHeap (40 ms)
[----------] 1 test from HeapTest (50 ms total)

[----------] Global test environment tear-down
[==========] 1 test from 1 test suite ran. (105 ms total)
[  PASSED  ] 1 test.
==1097== 
==1097== HEAP SUMMARY:
==1097==     in use at exit: 0 bytes in 0 blocks
==1097==   total heap usage: 472 allocs, 472 frees, 135,835 bytes allocated
==1097== 
==1097== All heap blocks were freed -- no leaks are possible
==1097== 
==1097== For counts of detected and suppressed errors, rerun with: -v
==1097== ERROR SUMMARY: 0 errors from 0 contexts (suppressed: 0 from 0)
<end of output>
Test time =   1.61 sec
----------------------------------------------------------
Test Passed.
"HeapTest.FiveElementPush_TrinaryHeap" end time: Mar 08 04:10 UTC
"HeapTest.FiveElementPush_TrinaryHeap" time elapsed: 00:00:01
----------------------------------------------------------

46/50 Testing: HeapTest.SixElementPush_QuaternaryHeap
46/50 Test: HeapTest.SixElementPush_QuaternaryHeap
Command: "/usr/bin/valgrind" "--tool=memcheck" "--leak-check=yes" "--trace-children=no" "--error-exitcode=113" "/home/codio/workspace/hw3/heap_tests/heap_tests" "--gtest_filter=HeapTest.SixElementPush_QuaternaryHeap"
Directory: /home/codio/workspace/hw3/heap_tests
"HeapTest.SixElementPush_QuaternaryHeap" start time: Mar 08 04:10 UTC
Output:
----------------------------------------------------------
==1098== Memcheck, a memory error detector
==1098== Copyright (C) 2002-2017, and GNU GPL'd, by Julian Seward et al.
==1098== Using Valgrind-3.13.0 and LibVEX; rerun with -h for copyright info
==1098== Command: /home/codio/workspace/hw3/heap_tests/heap_tests --gtest_filter=HeapTest.SixElementPush_QuaternaryHeap
==1098== 
Running main() from /home/codio/googletest/googletest/src/gtest_main.cc
Note: Google Test filter = HeapTest.SixElementPush_QuaternaryHeap
[==========] Running 1 test from 1 test suite.
[----------] Global test environment set-up.
[----------] 1 test from HeapTest
[ RUN      ] HeapTest.SixElementPush_QuaternaryHeap
[       OK ] HeapTest.SixElementPush_QuaternaryHeap (42 ms)
[----------] 1 test from HeapTest (51 ms total)

[----------] Global test environment tear-down
[==========] 1 test from 1 test suite ran. (105 ms total)
[  PASSED  ] 1 test.
==1098== 
==1098== HEAP SUMMARY:
==1098==     in use at exit: 0 bytes in 0 blocks
==1098==   total heap usage: 472 allocs, 472 frees, 135,861 bytes allocated
==1098== 
==1098== All heap blocks were freed -- no leaks are possible
==1098== 
==1098== For counts of detected and suppressed errors, rerun with: -v
==1098== ERROR SUMMARY: 0 errors from 0 contexts (suppressed: 0 from 0)
<end of output>
Test time =   1.65 sec
----------------------------------------------------------
Test Passed.
"HeapTest.SixElementPush_QuaternaryHeap" end time: Mar 08 04:10 UTC
"HeapTest.SixElementPush_QuaternaryHeap" time elapsed: 00:00:01
----------------------------------------------------------

47/50 Testing: HeapStress.50x50RandomElements_BinaryHeap
47/50 Test: HeapStress.50x50RandomElements_BinaryHeap
Command: "/usr/bin/valgrind" "--tool=memcheck" "--leak-check=yes" "--trace-children=no" "--error-exitcode=113" "/home/codio/workspace/hw3/heap_tests/heap_tests" "--gtest_filter=HeapStress.50x50RandomElements_BinaryHeap"
Directory: /home/codio/workspace/hw3/heap_tests
"HeapStress.50x50RandomElements_BinaryHeap" start time: Mar 08 04:10 UTC
Output:
----------------------------------------------------------
==1099== Memcheck, a memory error detector
==1099== Copyright (C) 2002-2017, and GNU GPL'd, by Julian Seward et al.
==1099== Using Valgrind-3.13.0 and LibVEX; rerun with -h for copyright info
==1099== Command: /home/codio/workspace/hw3/heap_tests/heap_tests --gtest_filter=HeapStress.50x50RandomElements_BinaryHeap
==1099== 
Running main() from /home/codio/googletest/googletest/src/gtest_main.cc
Note: Google Test filter = HeapStress.50x50RandomElements_BinaryHeap
[==========] Running 1 test from 1 test suite.
[----------] Global test environment set-up.
[----------] 1 test from HeapStress
[ RUN      ] HeapStress.50x50RandomElements_BinaryHeap
[       OK ] HeapStress.50x50RandomElements_BinaryHeap (217 ms)
[----------] 1 test from HeapStress (227 ms total)

[----------] Global test environment tear-down
[==========] 1 test from 1 test suite ran. (281 ms total)
[  PASSED  ] 1 test.
==1099== 
==1099== HEAP SUMMARY:
==1099==     in use at exit: 0 bytes in 0 blocks
==1099==   total heap usage: 969 allocs, 969 frees, 183,432 bytes allocated
==1099== 
==1099== All heap blocks were freed -- no leaks are possible
==1099== 
==1099== For counts of detected and suppressed errors, rerun with: -v
==1099== ERROR SUMMARY: 0 errors from 0 contexts (suppressed: 0 from 0)
<end of output>
Test time =   1.77 sec
----------------------------------------------------------
Test Passed.
"HeapStress.50x50RandomElements_BinaryHeap" end time: Mar 08 04:10 UTC
"HeapStress.50x50RandomElements_BinaryHeap" time elapsed: 00:00:01
----------------------------------------------------------

48/50 Testing: HeapStress.50x50RandomElements_QuaternaryHeap
48/50 Test: HeapStress.50x50RandomElements_QuaternaryHeap
Command: "/usr/bin/valgrind" "--tool=memcheck" "--leak-check=yes" "--trace-children=no" "--error-exitcode=113" "/home/codio/workspace/hw3/heap_tests/heap_tests" "--gtest_filter=HeapStress.50x50RandomElements_QuaternaryHeap"
Directory: /home/codio/workspace/hw3/heap_tests
"HeapStress.50x50RandomElements_QuaternaryHeap" start time: Mar 08 04:10 UTC
Output:
----------------------------------------------------------
==1100== Memcheck, a memory error detector
==1100== Copyright (C) 2002-2017, and GNU GPL'd, by Julian Seward et al.
==1100== Using Valgrind-3.13.0 and LibVEX; rerun with -h for copyright info
==1100== Command: /home/codio/workspace/hw3/heap_tests/heap_tests --gtest_filter=HeapStress.50x50RandomElements_QuaternaryHeap
==1100== 
Running main() from /home/codio/googletest/googletest/src/gtest_main.cc
Note: Google Test filter = HeapStress.50x50RandomElements_QuaternaryHeap
[==========] Running 1 test from 1 test suite.
[----------] Global test environment set-up.
[----------] 1 test from HeapStress
[ RUN      ] HeapStress.50x50RandomElements_QuaternaryHeap
[       OK ] HeapStress.50x50RandomElements_QuaternaryHeap (216 ms)
[----------] 1 test from HeapStress (226 ms total)

[----------] Global test environment tear-down
[==========] 1 test from 1 test suite ran. (280 ms total)
[  PASSED  ] 1 test.
==1100== 
==1100== HEAP SUMMARY:
==1100==     in use at exit: 0 bytes in 0 blocks
==1100==   total heap usage: 969 allocs, 969 frees, 183,484 bytes allocated
==1100== 
==1100== All heap blocks were freed -- no leaks are possible
==1100== 
==1100== For counts of detected and suppressed errors, rerun with: -v
==1100== ERROR SUMMARY: 0 errors from 0 contexts (suppressed: 0 from 0)
<end of output>
Test time =   1.79 sec
----------------------------------------------------------
Test Passed.
"HeapStress.50x50RandomElements_QuaternaryHeap" end time: Mar 08 04:10 UTC
"HeapStress.50x50RandomElements_QuaternaryHeap" time elapsed: 00:00:01
----------------------------------------------------------

49/50 Testing: HeapStress.50x50RandomElements_DodecenaryHeap
49/50 Test: HeapStress.50x50RandomElements_DodecenaryHeap
Command: "/usr/bin/valgrind" "--tool=memcheck" "--leak-check=yes" "--trace-children=no" "--error-exitcode=113" "/home/codio/workspace/hw3/heap_tests/heap_tests" "--gtest_filter=HeapStress.50x50RandomElements_DodecenaryHeap"
Directory: /home/codio/workspace/hw3/heap_tests
"HeapStress.50x50RandomElements_DodecenaryHeap" start time: Mar 08 04:10 UTC
Output:
----------------------------------------------------------
==1101== Memcheck, a memory error detector
==1101== Copyright (C) 2002-2017, and GNU GPL'd, by Julian Seward et al.
==1101== Using Valgrind-3.13.0 and LibVEX; rerun with -h for copyright info
==1101== Command: /home/codio/workspace/hw3/heap_tests/heap_tests --gtest_filter=HeapStress.50x50RandomElements_DodecenaryHeap
==1101== 
Running main() from /home/codio/googletest/googletest/src/gtest_main.cc
Note: Google Test filter = HeapStress.50x50RandomElements_DodecenaryHeap
[==========] Running 1 test from 1 test suite.
[----------] Global test environment set-up.
[----------] 1 test from HeapStress
[ RUN      ] HeapStress.50x50RandomElements_DodecenaryHeap
[       OK ] HeapStress.50x50RandomElements_DodecenaryHeap (226 ms)
[----------] 1 test from HeapStress (236 ms total)

[----------] Global test environment tear-down
[==========] 1 test from 1 test suite ran. (293 ms total)
[  PASSED  ] 1 test.
==1101== 
==1101== HEAP SUMMARY:
==1101==     in use at exit: 0 bytes in 0 blocks
==1101==   total heap usage: 969 allocs, 969 frees, 183,484 bytes allocated
==1101== 
==1101== All heap blocks were freed -- no leaks are possible
==1101== 
==1101== For counts of detected and suppressed errors, rerun with: -v
==1101== ERROR SUMMARY: 0 errors from 0 contexts (suppressed: 0 from 0)
<end of output>
Test time =   1.81 sec
----------------------------------------------------------
Test Passed.
"HeapStress.50x50RandomElements_DodecenaryHeap" end time: Mar 08 04:10 UTC
"HeapStress.50x50RandomElements_DodecenaryHeap" time elapsed: 00:00:01
----------------------------------------------------------

50/50 Testing: HeapStress.2x2000RandomElements_Binary
50/50 Test: HeapStress.2x2000RandomElements_Binary
Command: "/usr/bin/valgrind" "--tool=memcheck" "--leak-check=yes" "--trace-children=no" "--error-exitcode=113" "/home/codio/workspace/hw3/heap_tests/heap_tests" "--gtest_filter=HeapStress.2x2000RandomElements_Binary"
Directory: /home/codio/workspace/hw3/heap_tests
"HeapStress.2x2000RandomElements_Binary" start time: Mar 08 04:10 UTC
Output:
----------------------------------------------------------
==1102== Memcheck, a memory error detector
==1102== Copyright (C) 2002-2017, and GNU GPL'd, by Julian Seward et al.
==1102== Using Valgrind-3.13.0 and LibVEX; rerun with -h for copyright info
==1102== Command: /home/codio/workspace/hw3/heap_tests/heap_tests --gtest_filter=HeapStress.2x2000RandomElements_Binary
==1102== 
Running main() from /home/codio/googletest/googletest/src/gtest_main.cc
Note: Google Test filter = HeapStress.2x2000RandomElements_Binary
[==========] Running 1 test from 1 test suite.
[----------] Global test environment set-up.
[----------] 1 test from HeapStress
[ RUN      ] HeapStress.2x2000RandomElements_Binary
[       OK ] HeapStress.2x2000RandomElements_Binary (279 ms)
[----------] 1 test from HeapStress (289 ms total)

[----------] Global test environment tear-down
[==========] 1 test from 1 test suite ran. (349 ms total)
[  PASSED  ] 1 test.
==1102== 
==1102== HEAP SUMMARY:
==1102==     in use at exit: 0 bytes in 0 blocks
==1102==   total heap usage: 499 allocs, 499 frees, 200,641 bytes allocated
==1102== 
==1102== All heap blocks were freed -- no leaks are possible
==1102== 
==1102== For counts of detected and suppressed errors, rerun with: -v
==1102== ERROR SUMMARY: 0 errors from 0 contexts (suppressed: 0 from 0)
<end of output>
Test time =   1.92 sec
----------------------------------------------------------
Test Passed.
"HeapStress.2x2000RandomElements_Binary" end time: Mar 08 04:10 UTC
"HeapStress.2x2000RandomElements_Binary" time elapsed: 00:00:01
----------------------------------------------------------

End testing: Mar 08 04:10 UTC
